# JRE version: Java(TM) SE Runtime Environment (8.0_05-b13) (build 1.8.0_05-b13)
# Java VM: Java HotSpot(TM) 64-Bit Server VM (25.5-b02 mixed mode windows-amd64 compressed oops)
Heap:
 PSYoungGen      total 23552K, used 11590K [0x0000000717180000, 0x0000000718b80000, 0x00000007c0000000)
  eden space 20480K, 55% used [0x0000000717180000,0x0000000717c919d8,0x0000000718580000)
  from space 3072K, 8% used [0x0000000718880000,0x00000007188c0000,0x0000000718b80000)
  to   space 3072K, 0% used [0x0000000718580000,0x0000000718580000,0x0000000718880000)
 ParOldGen       total 518656K, used 14975K [0x00000005c5400000, 0x00000005e4e80000, 0x0000000717180000)
  object space 518656K, 2% used [0x00000005c5400000,0x00000005c629fff8,0x00000005e4e80000)
 Metaspace       used 15625K, capacity 15962K, committed 16000K, reserved 1062912K
  class space    used 2091K, capacity 2173K, committed 2176K, reserved 1048576K
GC Heap History (10 events):
Event: 1.252 GC heap before
{Heap before GC invocations=8 (full 0):
 PSYoungGen      total 5120K, used 5093K [0x0000000717180000, 0x0000000717c80000, 0x00000007c0000000)
  eden space 4096K, 100% used [0x0000000717180000,0x0000000717580000,0x0000000717580000)
  from space 1024K, 97% used [0x0000000717580000,0x0000000717679420,0x0000000717680000)
  to   space 1536K, 0% used [0x0000000717b00000,0x0000000717b00000,0x0000000717c80000)
 ParOldGen       total 518656K, used 9127K [0x00000005c5400000, 0x00000005e4e80000, 0x0000000717180000)
  object space 518656K, 1% used [0x00000005c5400000,0x00000005c5ce9ec0,0x00000005e4e80000)
 Metaspace       used 9070K, capacity 9324K, committed 9472K, reserved 1056768K
  class space    used 1169K, capacity 1221K, committed 1280K, reserved 1048576K
Event: 1.254 GC heap after
Heap after GC invocations=8 (full 0):
 PSYoungGen      total 9728K, used 1268K [0x0000000717180000, 0x0000000717c80000, 0x00000007c0000000)
  eden space 8192K, 0% used [0x0000000717180000,0x0000000717180000,0x0000000717980000)
  from space 1536K, 82% used [0x0000000717b00000,0x0000000717c3d100,0x0000000717c80000)
  to   space 1536K, 0% used [0x0000000717980000,0x0000000717980000,0x0000000717b00000)
 ParOldGen       total 518656K, used 9239K [0x00000005c5400000, 0x00000005e4e80000, 0x0000000717180000)
  object space 518656K, 1% used [0x00000005c5400000,0x00000005c5d05ec0,0x00000005e4e80000)
 Metaspace       used 9070K, capacity 9324K, committed 9472K, reserved 1056768K
  class space    used 1169K, capacity 1221K, committed 1280K, reserved 1048576K
}
Event: 1.412 GC heap before
{Heap before GC invocations=9 (full 0):
 PSYoungGen      total 9728K, used 9460K [0x0000000717180000, 0x0000000717c80000, 0x00000007c0000000)
  eden space 8192K, 100% used [0x0000000717180000,0x0000000717980000,0x0000000717980000)
  from space 1536K, 82% used [0x0000000717b00000,0x0000000717c3d100,0x0000000717c80000)
  to   space 1536K, 0% used [0x0000000717980000,0x0000000717980000,0x0000000717b00000)
 ParOldGen       total 518656K, used 9239K [0x00000005c5400000, 0x00000005e4e80000, 0x0000000717180000)
  object space 518656K, 1% used [0x00000005c5400000,0x00000005c5d05ec0,0x00000005e4e80000)
 Metaspace       used 11690K, capacity 11938K, committed 12160K, reserved 1060864K
  class space    used 1558K, capacity 1653K, committed 1664K, reserved 1048576K
Event: 1.416 GC heap after
Heap after GC invocations=9 (full 0):
 PSYoungGen      total 9728K, used 1504K [0x0000000717180000, 0x0000000718280000, 0x00000007c0000000)
  eden space 8192K, 0% used [0x0000000717180000,0x0000000717180000,0x0000000717980000)
  from space 1536K, 97% used [0x0000000717980000,0x0000000717af8040,0x0000000717b00000)
  to   space 2048K, 0% used [0x0000000718080000,0x0000000718080000,0x0000000718280000)
 ParOldGen       total 518656K, used 10593K [0x00000005c5400000, 0x00000005e4e80000, 0x0000000717180000)
  object space 518656K, 2% used [0x00000005c5400000,0x00000005c5e58528,0x00000005e4e80000)
 Metaspace       used 11690K, capacity 11938K, committed 12160K, reserved 1060864K
  class space    used 1558K, capacity 1653K, committed 1664K, reserved 1048576K
}
Event: 1.661 GC heap before
{Heap before GC invocations=10 (full 0):
 PSYoungGen      total 9728K, used 9609K [0x0000000717180000, 0x0000000718280000, 0x00000007c0000000)
  eden space 8192K, 98% used [0x0000000717180000,0x000000071796a5d0,0x0000000717980000)
  from space 1536K, 97% used [0x0000000717980000,0x0000000717af8040,0x0000000717b00000)
  to   space 2048K, 0% used [0x0000000718080000,0x0000000718080000,0x0000000718280000)
 ParOldGen       total 518656K, used 10593K [0x00000005c5400000, 0x00000005e4e80000, 0x0000000717180000)
  object space 518656K, 2% used [0x00000005c5400000,0x00000005c5e58528,0x00000005e4e80000)
 Metaspace       used 14640K, capacity 14974K, committed 15232K, reserved 1062912K
  class space    used 2027K, capacity 2117K, committed 2176K, reserved 1048576K
Event: 1.665 GC heap after
Heap after GC invocations=10 (full 0):
 PSYoungGen      total 14848K, used 1877K [0x0000000717180000, 0x0000000718380000, 0x00000007c0000000)
  eden space 12800K, 0% used [0x0000000717180000,0x0000000717180000,0x0000000717e00000)
  from space 2048K, 91% used [0x0000000718080000,0x0000000718255550,0x0000000718280000)
  to   space 2560K, 0% used [0x0000000717e00000,0x0000000717e00000,0x0000000718080000)
 ParOldGen       total 518656K, used 10993K [0x00000005c5400000, 0x00000005e4e80000, 0x0000000717180000)
  object space 518656K, 2% used [0x00000005c5400000,0x00000005c5ebc548,0x00000005e4e80000)
 Metaspace       used 14640K, capacity 14974K, committed 15232K, reserved 1062912K
  class space    used 2027K, capacity 2117K, committed 2176K, reserved 1048576K
}
Event: 2.901 GC heap before
{Heap before GC invocations=11 (full 0):
 PSYoungGen      total 14848K, used 14677K [0x0000000717180000, 0x0000000718380000, 0x00000007c0000000)
  eden space 12800K, 100% used [0x0000000717180000,0x0000000717e00000,0x0000000717e00000)
  from space 2048K, 91% used [0x0000000718080000,0x0000000718255550,0x0000000718280000)
  to   space 2560K, 0% used [0x0000000717e00000,0x0000000717e00000,0x0000000718080000)
 ParOldGen       total 518656K, used 10993K [0x00000005c5400000, 0x00000005e4e80000, 0x0000000717180000)
  object space 518656K, 2% used [0x00000005c5400000,0x00000005c5ebc548,0x00000005e4e80000)
 Metaspace       used 15281K, capacity 15642K, committed 15744K, reserved 1062912K
  class space    used 2091K, capacity 2173K, committed 2176K, reserved 1048576K
Event: 2.905 GC heap after
Heap after GC invocations=11 (full 0):
 PSYoungGen      total 15360K, used 2464K [0x0000000717180000, 0x0000000718b80000, 0x00000007c0000000)
  eden space 12800K, 0% used [0x0000000717180000,0x0000000717180000,0x0000000717e00000)
  from space 2560K, 96% used [0x0000000717e00000,0x0000000718068010,0x0000000718080000)
  to   space 3072K, 0% used [0x0000000718880000,0x0000000718880000,0x0000000718b80000)
 ParOldGen       total 518656K, used 14703K [0x00000005c5400000, 0x00000005e4e80000, 0x0000000717180000)
  object space 518656K, 2% used [0x00000005c5400000,0x00000005c625bf90,0x00000005e4e80000)
 Metaspace       used 15281K, capacity 15642K, committed 15744K, reserved 1062912K
  class space    used 2091K, capacity 2173K, committed 2176K, reserved 1048576K
}
Event: 5.046 GC heap before
{Heap before GC invocations=12 (full 0):
 PSYoungGen      total 15360K, used 15264K [0x0000000717180000, 0x0000000718b80000, 0x00000007c0000000)
  eden space 12800K, 100% used [0x0000000717180000,0x0000000717e00000,0x0000000717e00000)
  from space 2560K, 96% used [0x0000000717e00000,0x0000000718068010,0x0000000718080000)
  to   space 3072K, 0% used [0x0000000718880000,0x0000000718880000,0x0000000718b80000)
 ParOldGen       total 518656K, used 14783K [0x00000005c5400000, 0x00000005e4e80000, 0x0000000717180000)
  object space 518656K, 2% used [0x00000005c5400000,0x00000005c626fff8,0x00000005e4e80000)
 Metaspace       used 15501K, capacity 15834K, committed 16000K, reserved 1062912K
  class space    used 2091K, capacity 2173K, committed 2176K, reserved 1048576K
Event: 5.048 GC heap after
Heap after GC invocations=12 (full 0):
 PSYoungGen      total 23552K, used 256K [0x0000000717180000, 0x0000000718b80000, 0x00000007c0000000)
  eden space 20480K, 0% used [0x0000000717180000,0x0000000717180000,0x0000000718580000)
  from space 3072K, 8% used [0x0000000718880000,0x00000007188c0000,0x0000000718b80000)
  to   space 3072K, 0% used [0x0000000718580000,0x0000000718580000,0x0000000718880000)
 ParOldGen       total 518656K, used 14975K [0x00000005c5400000, 0x00000005e4e80000, 0x0000000717180000)
  object space 518656K, 2% used [0x00000005c5400000,0x00000005c629fff8,0x00000005e4e80000)
 Metaspace       used 15501K, capacity 15834K, committed 16000K, reserved 1062912K
  class space    used 2091K, capacity 2173K, committed 2176K, reserved 1048576K
}

