# JRE version: Java(TM) SE Runtime Environment (8.0_05-b13) (build 1.8.0_05-b13)
# Java VM: Java HotSpot(TM) 64-Bit Server VM (25.5-b02 mixed mode windows-amd64 compressed oops)
Heap:
 PSYoungGen      total 13312K, used 3591K [0x0000000717180000, 0x0000000718500000, 0x00000007c0000000)
  eden space 10240K, 32% used [0x0000000717180000,0x00000007174b9e10,0x0000000717b80000)
  from space 3072K, 9% used [0x0000000717f00000,0x0000000717f48000,0x0000000718200000)
  to   space 3072K, 0% used [0x0000000718200000,0x0000000718200000,0x0000000718500000)
 ParOldGen       total 518656K, used 19374K [0x00000005c5400000, 0x00000005e4e80000, 0x0000000717180000)
  object space 518656K, 3% used [0x00000005c5400000,0x00000005c66eb850,0x00000005e4e80000)
 Metaspace       used 16009K, capacity 16402K, committed 16640K, reserved 1062912K
  class space    used 2100K, capacity 2211K, committed 2304K, reserved 1048576K
GC Heap History (10 events):
Event: 7.165 GC heap before
{Heap before GC invocations=13 (full 0):
 PSYoungGen      total 13312K, used 13024K [0x0000000717180000, 0x0000000718a00000, 0x00000007c0000000)
  eden space 12800K, 100% used [0x0000000717180000,0x0000000717e00000,0x0000000717e00000)
  from space 512K, 43% used [0x0000000718980000,0x00000007189b8000,0x0000000718a00000)
  to   space 3072K, 0% used [0x0000000718400000,0x0000000718400000,0x0000000718700000)
 ParOldGen       total 518656K, used 19110K [0x00000005c5400000, 0x00000005e4e80000, 0x0000000717180000)
  object space 518656K, 3% used [0x00000005c5400000,0x00000005c66a9850,0x00000005e4e80000)
 Metaspace       used 15589K, capacity 15954K, committed 16128K, reserved 1062912K
  class space    used 2098K, capacity 2211K, committed 2304K, reserved 1048576K
Event: 7.166 GC heap after
Heap after GC invocations=13 (full 0):
 PSYoungGen      total 15360K, used 256K [0x0000000717180000, 0x0000000718a00000, 0x00000007c0000000)
  eden space 12288K, 0% used [0x0000000717180000,0x0000000717180000,0x0000000717d80000)
  from space 3072K, 8% used [0x0000000718400000,0x0000000718440000,0x0000000718700000)
  to   space 3072K, 0% used [0x0000000718700000,0x0000000718700000,0x0000000718a00000)
 ParOldGen       total 518656K, used 19166K [0x00000005c5400000, 0x00000005e4e80000, 0x0000000717180000)
  object space 518656K, 3% used [0x00000005c5400000,0x00000005c66b7850,0x00000005e4e80000)
 Metaspace       used 15589K, capacity 15954K, committed 16128K, reserved 1062912K
  class space    used 2098K, capacity 2211K, committed 2304K, reserved 1048576K
}
Event: 9.321 GC heap before
{Heap before GC invocations=14 (full 0):
 PSYoungGen      total 15360K, used 12544K [0x0000000717180000, 0x0000000718a00000, 0x00000007c0000000)
  eden space 12288K, 100% used [0x0000000717180000,0x0000000717d80000,0x0000000717d80000)
  from space 3072K, 8% used [0x0000000718400000,0x0000000718440000,0x0000000718700000)
  to   space 3072K, 0% used [0x0000000718700000,0x0000000718700000,0x0000000718a00000)
 ParOldGen       total 518656K, used 19166K [0x00000005c5400000, 0x00000005e4e80000, 0x0000000717180000)
  object space 518656K, 3% used [0x00000005c5400000,0x00000005c66b7850,0x00000005e4e80000)
 Metaspace       used 15773K, capacity 16210K, committed 16384K, reserved 1062912K
  class space    used 2099K, capacity 2211K, committed 2304K, reserved 1048576K
Event: 9.322 GC heap after
Heap after GC invocations=14 (full 0):
 PSYoungGen      total 12288K, used 288K [0x0000000717180000, 0x0000000718780000, 0x00000007c0000000)
  eden space 11776K, 0% used [0x0000000717180000,0x0000000717180000,0x0000000717d00000)
  from space 512K, 56% used [0x0000000718700000,0x0000000718748000,0x0000000718780000)
  to   space 3072K, 0% used [0x0000000718180000,0x0000000718180000,0x0000000718480000)
 ParOldGen       total 518656K, used 19222K [0x00000005c5400000, 0x00000005e4e80000, 0x0000000717180000)
  object space 518656K, 3% used [0x00000005c5400000,0x00000005c66c5850,0x00000005e4e80000)
 Metaspace       used 15773K, capacity 16210K, committed 16384K, reserved 1062912K
  class space    used 2099K, capacity 2211K, committed 2304K, reserved 1048576K
}
Event: 12.890 GC heap before
{Heap before GC invocations=15 (full 0):
 PSYoungGen      total 12288K, used 12064K [0x0000000717180000, 0x0000000718780000, 0x00000007c0000000)
  eden space 11776K, 100% used [0x0000000717180000,0x0000000717d00000,0x0000000717d00000)
  from space 512K, 56% used [0x0000000718700000,0x0000000718748000,0x0000000718780000)
  to   space 3072K, 0% used [0x0000000718180000,0x0000000718180000,0x0000000718480000)
 ParOldGen       total 518656K, used 19222K [0x00000005c5400000, 0x00000005e4e80000, 0x0000000717180000)
  object space 518656K, 3% used [0x00000005c5400000,0x00000005c66c5850,0x00000005e4e80000)
 Metaspace       used 15862K, capacity 16274K, committed 16384K, reserved 1062912K
  class space    used 2099K, capacity 2211K, committed 2304K, reserved 1048576K
Event: 12.891 GC heap after
Heap after GC invocations=15 (full 0):
 PSYoungGen      total 14336K, used 256K [0x0000000717180000, 0x0000000718780000, 0x00000007c0000000)
  eden space 11264K, 0% used [0x0000000717180000,0x0000000717180000,0x0000000717c80000)
  from space 3072K, 8% used [0x0000000718180000,0x00000007181c0000,0x0000000718480000)
  to   space 3072K, 0% used [0x0000000718480000,0x0000000718480000,0x0000000718780000)
 ParOldGen       total 518656K, used 19286K [0x00000005c5400000, 0x00000005e4e80000, 0x0000000717180000)
  object space 518656K, 3% used [0x00000005c5400000,0x00000005c66d5850,0x00000005e4e80000)
 Metaspace       used 15862K, capacity 16274K, committed 16384K, reserved 1062912K
  class space    used 2099K, capacity 2211K, committed 2304K, reserved 1048576K
}
Event: 15.947 GC heap before
{Heap before GC invocations=16 (full 0):
 PSYoungGen      total 14336K, used 11520K [0x0000000717180000, 0x0000000718780000, 0x00000007c0000000)
  eden space 11264K, 100% used [0x0000000717180000,0x0000000717c80000,0x0000000717c80000)
  from space 3072K, 8% used [0x0000000718180000,0x00000007181c0000,0x0000000718480000)
  to   space 3072K, 0% used [0x0000000718480000,0x0000000718480000,0x0000000718780000)
 ParOldGen       total 518656K, used 19286K [0x00000005c5400000, 0x00000005e4e80000, 0x0000000717180000)
  object space 518656K, 3% used [0x00000005c5400000,0x00000005c66d5850,0x00000005e4e80000)
 Metaspace       used 15940K, capacity 16338K, committed 16640K, reserved 1062912K
  class space    used 2099K, capacity 2211K, committed 2304K, reserved 1048576K
Event: 15.948 GC heap after
Heap after GC invocations=16 (full 0):
 PSYoungGen      total 11264K, used 224K [0x0000000717180000, 0x0000000718500000, 0x00000007c0000000)
  eden space 10752K, 0% used [0x0000000717180000,0x0000000717180000,0x0000000717c00000)
  from space 512K, 43% used [0x0000000718480000,0x00000007184b8000,0x0000000718500000)
  to   space 3072K, 0% used [0x0000000717f00000,0x0000000717f00000,0x0000000718200000)
 ParOldGen       total 518656K, used 19326K [0x00000005c5400000, 0x00000005e4e80000, 0x0000000717180000)
  object space 518656K, 3% used [0x00000005c5400000,0x00000005c66df850,0x00000005e4e80000)
 Metaspace       used 15940K, capacity 16338K, committed 16640K, reserved 1062912K
  class space    used 2099K, capacity 2211K, committed 2304K, reserved 1048576K
}
Event: 19.089 GC heap before
{Heap before GC invocations=17 (full 0):
 PSYoungGen      total 11264K, used 10976K [0x0000000717180000, 0x0000000718500000, 0x00000007c0000000)
  eden space 10752K, 100% used [0x0000000717180000,0x0000000717c00000,0x0000000717c00000)
  from space 512K, 43% used [0x0000000718480000,0x00000007184b8000,0x0000000718500000)
  to   space 3072K, 0% used [0x0000000717f00000,0x0000000717f00000,0x0000000718200000)
 ParOldGen       total 518656K, used 19326K [0x00000005c5400000, 0x00000005e4e80000, 0x0000000717180000)
  object space 518656K, 3% used [0x00000005c5400000,0x00000005c66df850,0x00000005e4e80000)
 Metaspace       used 15987K, capacity 16338K, committed 16640K, reserved 1062912K
  class space    used 2099K, capacity 2211K, committed 2304K, reserved 1048576K
Event: 19.090 GC heap after
Heap after GC invocations=17 (full 0):
 PSYoungGen      total 13312K, used 288K [0x0000000717180000, 0x0000000718500000, 0x00000007c0000000)
  eden space 10240K, 0% used [0x0000000717180000,0x0000000717180000,0x0000000717b80000)
  from space 3072K, 9% used [0x0000000717f00000,0x0000000717f48000,0x0000000718200000)
  to   space 3072K, 0% used [0x0000000718200000,0x0000000718200000,0x0000000718500000)
 ParOldGen       total 518656K, used 19374K [0x00000005c5400000, 0x00000005e4e80000, 0x0000000717180000)
  object space 518656K, 3% used [0x00000005c5400000,0x00000005c66eb850,0x00000005e4e80000)
 Metaspace       used 15987K, capacity 16338K, committed 16640K, reserved 1062912K
  class space    used 2099K, capacity 2211K, committed 2304K, reserved 1048576K
}

