# JRE version: Java(TM) SE Runtime Environment (8.0_05-b13) (build 1.8.0_05-b13)
# Java VM: Java HotSpot(TM) 64-Bit Server VM (25.5-b02 mixed mode windows-amd64 compressed oops)
Heap:
 PSYoungGen      total 14336K, used 6570K [0x0000000717180000, 0x0000000718780000, 0x00000007c0000000)
  eden space 11264K, 56% used [0x0000000717180000,0x00000007177aaad8,0x0000000717c80000)
  from space 3072K, 8% used [0x0000000718180000,0x00000007181c0000,0x0000000718480000)
  to   space 3072K, 0% used [0x0000000718480000,0x0000000718480000,0x0000000718780000)
 ParOldGen       total 518656K, used 15019K [0x00000005c5400000, 0x00000005e4e80000, 0x0000000717180000)
  object space 518656K, 2% used [0x00000005c5400000,0x00000005c62aaef8,0x00000005e4e80000)
 Metaspace       used 15834K, capacity 16158K, committed 16256K, reserved 1062912K
  class space    used 2092K, capacity 2173K, committed 2176K, reserved 1048576K
GC Heap History (10 events):
Event: 2.748 GC heap before
{Heap before GC invocations=11 (full 0):
 PSYoungGen      total 15872K, used 15104K [0x0000000717180000, 0x0000000718380000, 0x00000007c0000000)
  eden space 13312K, 100% used [0x0000000717180000,0x0000000717e80000,0x0000000717e80000)
  from space 2560K, 70% used [0x0000000718100000,0x00000007182c0060,0x0000000718380000)
  to   space 2560K, 0% used [0x0000000717e80000,0x0000000717e80000,0x0000000718100000)
 ParOldGen       total 518656K, used 11077K [0x00000005c5400000, 0x00000005e4e80000, 0x0000000717180000)
  object space 518656K, 2% used [0x00000005c5400000,0x00000005c5ed14b0,0x00000005e4e80000)
 Metaspace       used 15209K, capacity 15582K, committed 15744K, reserved 1062912K
  class space    used 2089K, capacity 2173K, committed 2176K, reserved 1048576K
Event: 2.751 GC heap after
Heap after GC invocations=11 (full 0):
 PSYoungGen      total 15872K, used 2432K [0x0000000717180000, 0x0000000718c80000, 0x00000007c0000000)
  eden space 13312K, 0% used [0x0000000717180000,0x0000000717180000,0x0000000717e80000)
  from space 2560K, 95% used [0x0000000717e80000,0x00000007180e0010,0x0000000718100000)
  to   space 3072K, 0% used [0x0000000718980000,0x0000000718980000,0x0000000718c80000)
 ParOldGen       total 518656K, used 14659K [0x00000005c5400000, 0x00000005e4e80000, 0x0000000717180000)
  object space 518656K, 2% used [0x00000005c5400000,0x00000005c6250ef8,0x00000005e4e80000)
 Metaspace       used 15209K, capacity 15582K, committed 15744K, reserved 1062912K
  class space    used 2089K, capacity 2173K, committed 2176K, reserved 1048576K
}
Event: 4.959 GC heap before
{Heap before GC invocations=12 (full 0):
 PSYoungGen      total 15872K, used 15744K [0x0000000717180000, 0x0000000718c80000, 0x00000007c0000000)
  eden space 13312K, 100% used [0x0000000717180000,0x0000000717e80000,0x0000000717e80000)
  from space 2560K, 95% used [0x0000000717e80000,0x00000007180e0010,0x0000000718100000)
  to   space 3072K, 0% used [0x0000000718980000,0x0000000718980000,0x0000000718c80000)
 ParOldGen       total 518656K, used 14659K [0x00000005c5400000, 0x00000005e4e80000, 0x0000000717180000)
  object space 518656K, 2% used [0x00000005c5400000,0x00000005c6250ef8,0x00000005e4e80000)
 Metaspace       used 15464K, capacity 15838K, committed 16000K, reserved 1062912K
  class space    used 2089K, capacity 2173K, committed 2176K, reserved 1048576K
Event: 4.960 GC heap after
Heap after GC invocations=12 (full 0):
 PSYoungGen      total 13312K, used 288K [0x0000000717180000, 0x0000000718a00000, 0x00000007c0000000)
  eden space 12800K, 0% used [0x0000000717180000,0x0000000717180000,0x0000000717e00000)
  from space 512K, 56% used [0x0000000718980000,0x00000007189c8000,0x0000000718a00000)
  to   space 3072K, 0% used [0x0000000718400000,0x0000000718400000,0x0000000718700000)
 ParOldGen       total 518656K, used 14851K [0x00000005c5400000, 0x00000005e4e80000, 0x0000000717180000)
  object space 518656K, 2% used [0x00000005c5400000,0x00000005c6280ef8,0x00000005e4e80000)
 Metaspace       used 15464K, capacity 15838K, committed 16000K, reserved 1062912K
  class space    used 2089K, capacity 2173K, committed 2176K, reserved 1048576K
}
Event: 7.615 GC heap before
{Heap before GC invocations=13 (full 0):
 PSYoungGen      total 13312K, used 13088K [0x0000000717180000, 0x0000000718a00000, 0x00000007c0000000)
  eden space 12800K, 100% used [0x0000000717180000,0x0000000717e00000,0x0000000717e00000)
  from space 512K, 56% used [0x0000000718980000,0x00000007189c8000,0x0000000718a00000)
  to   space 3072K, 0% used [0x0000000718400000,0x0000000718400000,0x0000000718700000)
 ParOldGen       total 518656K, used 14851K [0x00000005c5400000, 0x00000005e4e80000, 0x0000000717180000)
  object space 518656K, 2% used [0x00000005c5400000,0x00000005c6280ef8,0x00000005e4e80000)
 Metaspace       used 15586K, capacity 15902K, committed 16000K, reserved 1062912K
  class space    used 2089K, capacity 2173K, committed 2176K, reserved 1048576K
Event: 7.616 GC heap after
Heap after GC invocations=13 (full 0):
 PSYoungGen      total 15360K, used 256K [0x0000000717180000, 0x0000000718a00000, 0x00000007c0000000)
  eden space 12288K, 0% used [0x0000000717180000,0x0000000717180000,0x0000000717d80000)
  from space 3072K, 8% used [0x0000000718400000,0x0000000718440000,0x0000000718700000)
  to   space 3072K, 0% used [0x0000000718700000,0x0000000718700000,0x0000000718a00000)
 ParOldGen       total 518656K, used 14907K [0x00000005c5400000, 0x00000005e4e80000, 0x0000000717180000)
  object space 518656K, 2% used [0x00000005c5400000,0x00000005c628eef8,0x00000005e4e80000)
 Metaspace       used 15586K, capacity 15902K, committed 16000K, reserved 1062912K
  class space    used 2089K, capacity 2173K, committed 2176K, reserved 1048576K
}
Event: 10.797 GC heap before
{Heap before GC invocations=14 (full 0):
 PSYoungGen      total 15360K, used 12544K [0x0000000717180000, 0x0000000718a00000, 0x00000007c0000000)
  eden space 12288K, 100% used [0x0000000717180000,0x0000000717d80000,0x0000000717d80000)
  from space 3072K, 8% used [0x0000000718400000,0x0000000718440000,0x0000000718700000)
  to   space 3072K, 0% used [0x0000000718700000,0x0000000718700000,0x0000000718a00000)
 ParOldGen       total 518656K, used 14907K [0x00000005c5400000, 0x00000005e4e80000, 0x0000000717180000)
  object space 518656K, 2% used [0x00000005c5400000,0x00000005c628eef8,0x00000005e4e80000)
 Metaspace       used 15690K, capacity 16030K, committed 16256K, reserved 1062912K
  class space    used 2090K, capacity 2173K, committed 2176K, reserved 1048576K
Event: 10.799 GC heap after
Heap after GC invocations=14 (full 0):
 PSYoungGen      total 12288K, used 256K [0x0000000717180000, 0x0000000718780000, 0x00000007c0000000)
  eden space 11776K, 0% used [0x0000000717180000,0x0000000717180000,0x0000000717d00000)
  from space 512K, 50% used [0x0000000718700000,0x0000000718740000,0x0000000718780000)
  to   space 3072K, 0% used [0x0000000718180000,0x0000000718180000,0x0000000718480000)
 ParOldGen       total 518656K, used 14963K [0x00000005c5400000, 0x00000005e4e80000, 0x0000000717180000)
  object space 518656K, 2% used [0x00000005c5400000,0x00000005c629cef8,0x00000005e4e80000)
 Metaspace       used 15690K, capacity 16030K, committed 16256K, reserved 1062912K
  class space    used 2090K, capacity 2173K, committed 2176K, reserved 1048576K
}
Event: 13.954 GC heap before
{Heap before GC invocations=15 (full 0):
 PSYoungGen      total 12288K, used 12032K [0x0000000717180000, 0x0000000718780000, 0x00000007c0000000)
  eden space 11776K, 100% used [0x0000000717180000,0x0000000717d00000,0x0000000717d00000)
  from space 512K, 50% used [0x0000000718700000,0x0000000718740000,0x0000000718780000)
  to   space 3072K, 0% used [0x0000000718180000,0x0000000718180000,0x0000000718480000)
 ParOldGen       total 518656K, used 14963K [0x00000005c5400000, 0x00000005e4e80000, 0x0000000717180000)
  object space 518656K, 2% used [0x00000005c5400000,0x00000005c629cef8,0x00000005e4e80000)
 Metaspace       used 15775K, capacity 16158K, committed 16256K, reserved 1062912K
  class space    used 2090K, capacity 2173K, committed 2176K, reserved 1048576K
Event: 13.955 GC heap after
Heap after GC invocations=15 (full 0):
 PSYoungGen      total 14336K, used 256K [0x0000000717180000, 0x0000000718780000, 0x00000007c0000000)
  eden space 11264K, 0% used [0x0000000717180000,0x0000000717180000,0x0000000717c80000)
  from space 3072K, 8% used [0x0000000718180000,0x00000007181c0000,0x0000000718480000)
  to   space 3072K, 0% used [0x0000000718480000,0x0000000718480000,0x0000000718780000)
 ParOldGen       total 518656K, used 15019K [0x00000005c5400000, 0x00000005e4e80000, 0x0000000717180000)
  object space 518656K, 2% used [0x00000005c5400000,0x00000005c62aaef8,0x00000005e4e80000)
 Metaspace       used 15775K, capacity 16158K, committed 16256K, reserved 1062912K
  class space    used 2090K, capacity 2173K, committed 2176K, reserved 1048576K
}

