# JRE version: Java(TM) SE Runtime Environment (8.0_05-b13) (build 1.8.0_05-b13)
# Java VM: Java HotSpot(TM) 64-Bit Server VM (25.5-b02 mixed mode windows-amd64 compressed oops)
Heap:
 PSYoungGen      total 12800K, used 10358K [0x0000000717180000, 0x0000000718080000, 0x00000007c0000000)
  eden space 10240K, 98% used [0x0000000717180000,0x0000000717b65a58,0x0000000717b80000)
  from space 2560K, 8% used [0x0000000717e00000,0x0000000717e38000,0x0000000718080000)
  to   space 2560K, 0% used [0x0000000717b80000,0x0000000717b80000,0x0000000717e00000)
 ParOldGen       total 518656K, used 19156K [0x00000005c5400000, 0x00000005e4e80000, 0x0000000717180000)
  object space 518656K, 3% used [0x00000005c5400000,0x00000005c66b52d0,0x00000005e4e80000)
 Metaspace       used 15991K, capacity 16374K, committed 16640K, reserved 1062912K
  class space    used 2095K, capacity 2179K, committed 2304K, reserved 1048576K
GC Heap History (10 events):
Event: 15.347 GC heap before
{Heap before GC invocations=12 (full 0):
 PSYoungGen      total 14848K, used 14688K [0x0000000717180000, 0x0000000718380000, 0x00000007c0000000)
  eden space 12288K, 100% used [0x0000000717180000,0x0000000717d80000,0x0000000717d80000)
  from space 2560K, 93% used [0x0000000717e00000,0x0000000718058010,0x0000000718080000)
  to   space 3072K, 0% used [0x0000000718080000,0x0000000718080000,0x0000000718380000)
 ParOldGen       total 518656K, used 14740K [0x00000005c5400000, 0x00000005e4e80000, 0x0000000717180000)
  object space 518656K, 2% used [0x00000005c5400000,0x00000005c62652b0,0x00000005e4e80000)
 Metaspace       used 15495K, capacity 15862K, committed 16128K, reserved 1062912K
  class space    used 2093K, capacity 2179K, committed 2304K, reserved 1048576K
Event: 15.349 GC heap after
Heap after GC invocations=12 (full 0):
 PSYoungGen      total 14336K, used 256K [0x0000000717180000, 0x0000000718300000, 0x00000007c0000000)
  eden space 11776K, 0% used [0x0000000717180000,0x0000000717180000,0x0000000717d00000)
  from space 2560K, 10% used [0x0000000718080000,0x00000007180c0000,0x0000000718300000)
  to   space 3072K, 0% used [0x0000000717d00000,0x0000000717d00000,0x0000000718000000)
 ParOldGen       total 518656K, used 18964K [0x00000005c5400000, 0x00000005e4e80000, 0x0000000717180000)
  object space 518656K, 3% used [0x00000005c5400000,0x00000005c66852d0,0x00000005e4e80000)
 Metaspace       used 15495K, capacity 15862K, committed 16128K, reserved 1062912K
  class space    used 2093K, capacity 2179K, committed 2304K, reserved 1048576K
}
Event: 17.433 GC heap before
{Heap before GC invocations=13 (full 0):
 PSYoungGen      total 14336K, used 12032K [0x0000000717180000, 0x0000000718300000, 0x00000007c0000000)
  eden space 11776K, 100% used [0x0000000717180000,0x0000000717d00000,0x0000000717d00000)
  from space 2560K, 10% used [0x0000000718080000,0x00000007180c0000,0x0000000718300000)
  to   space 3072K, 0% used [0x0000000717d00000,0x0000000717d00000,0x0000000718000000)
 ParOldGen       total 518656K, used 18964K [0x00000005c5400000, 0x00000005e4e80000, 0x0000000717180000)
  object space 518656K, 3% used [0x00000005c5400000,0x00000005c66852d0,0x00000005e4e80000)
 Metaspace       used 15599K, capacity 15990K, committed 16128K, reserved 1062912K
  class space    used 2093K, capacity 2179K, committed 2304K, reserved 1048576K
Event: 17.434 GC heap after
Heap after GC invocations=13 (full 0):
 PSYoungGen      total 11776K, used 256K [0x0000000717180000, 0x0000000718280000, 0x00000007c0000000)
  eden space 11264K, 0% used [0x0000000717180000,0x0000000717180000,0x0000000717c80000)
  from space 512K, 50% used [0x0000000717d00000,0x0000000717d40000,0x0000000717d80000)
  to   space 3072K, 0% used [0x0000000717f80000,0x0000000717f80000,0x0000000718280000)
 ParOldGen       total 518656K, used 19020K [0x00000005c5400000, 0x00000005e4e80000, 0x0000000717180000)
  object space 518656K, 3% used [0x00000005c5400000,0x00000005c66932d0,0x00000005e4e80000)
 Metaspace       used 15599K, capacity 15990K, committed 16128K, reserved 1062912K
  class space    used 2093K, capacity 2179K, committed 2304K, reserved 1048576K
}
Event: 19.644 GC heap before
{Heap before GC invocations=14 (full 0):
 PSYoungGen      total 11776K, used 11520K [0x0000000717180000, 0x0000000718280000, 0x00000007c0000000)
  eden space 11264K, 100% used [0x0000000717180000,0x0000000717c80000,0x0000000717c80000)
  from space 512K, 50% used [0x0000000717d00000,0x0000000717d40000,0x0000000717d80000)
  to   space 3072K, 0% used [0x0000000717f80000,0x0000000717f80000,0x0000000718280000)
 ParOldGen       total 518656K, used 19020K [0x00000005c5400000, 0x00000005e4e80000, 0x0000000717180000)
  object space 518656K, 3% used [0x00000005c5400000,0x00000005c66932d0,0x00000005e4e80000)
 Metaspace       used 15681K, capacity 16054K, committed 16384K, reserved 1062912K
  class space    used 2093K, capacity 2179K, committed 2304K, reserved 1048576K
Event: 19.645 GC heap after
Heap after GC invocations=14 (full 0):
 PSYoungGen      total 13312K, used 256K [0x0000000717180000, 0x0000000718200000, 0x00000007c0000000)
  eden space 10752K, 0% used [0x0000000717180000,0x0000000717180000,0x0000000717c00000)
  from space 2560K, 10% used [0x0000000717f80000,0x0000000717fc0000,0x0000000718200000)
  to   space 3072K, 0% used [0x0000000717c00000,0x0000000717c00000,0x0000000717f00000)
 ParOldGen       total 518656K, used 19068K [0x00000005c5400000, 0x00000005e4e80000, 0x0000000717180000)
  object space 518656K, 3% used [0x00000005c5400000,0x00000005c669f2d0,0x00000005e4e80000)
 Metaspace       used 15681K, capacity 16054K, committed 16384K, reserved 1062912K
  class space    used 2093K, capacity 2179K, committed 2304K, reserved 1048576K
}
Event: 22.454 GC heap before
{Heap before GC invocations=15 (full 0):
 PSYoungGen      total 13312K, used 11008K [0x0000000717180000, 0x0000000718200000, 0x00000007c0000000)
  eden space 10752K, 100% used [0x0000000717180000,0x0000000717c00000,0x0000000717c00000)
  from space 2560K, 10% used [0x0000000717f80000,0x0000000717fc0000,0x0000000718200000)
  to   space 3072K, 0% used [0x0000000717c00000,0x0000000717c00000,0x0000000717f00000)
 ParOldGen       total 518656K, used 19068K [0x00000005c5400000, 0x00000005e4e80000, 0x0000000717180000)
  object space 518656K, 3% used [0x00000005c5400000,0x00000005c669f2d0,0x00000005e4e80000)
 Metaspace       used 15769K, capacity 16182K, committed 16384K, reserved 1062912K
  class space    used 2093K, capacity 2179K, committed 2304K, reserved 1048576K
Event: 22.455 GC heap after
Heap after GC invocations=15 (full 0):
 PSYoungGen      total 10752K, used 256K [0x0000000717180000, 0x0000000718080000, 0x00000007c0000000)
  eden space 10240K, 0% used [0x0000000717180000,0x0000000717180000,0x0000000717b80000)
  from space 512K, 50% used [0x0000000717c00000,0x0000000717c40000,0x0000000717c80000)
  to   space 2560K, 0% used [0x0000000717e00000,0x0000000717e00000,0x0000000718080000)
 ParOldGen       total 518656K, used 19124K [0x00000005c5400000, 0x00000005e4e80000, 0x0000000717180000)
  object space 518656K, 3% used [0x00000005c5400000,0x00000005c66ad2d0,0x00000005e4e80000)
 Metaspace       used 15769K, capacity 16182K, committed 16384K, reserved 1062912K
  class space    used 2093K, capacity 2179K, committed 2304K, reserved 1048576K
}
Event: 25.190 GC heap before
{Heap before GC invocations=16 (full 0):
 PSYoungGen      total 10752K, used 10496K [0x0000000717180000, 0x0000000718080000, 0x00000007c0000000)
  eden space 10240K, 100% used [0x0000000717180000,0x0000000717b80000,0x0000000717b80000)
  from space 512K, 50% used [0x0000000717c00000,0x0000000717c40000,0x0000000717c80000)
  to   space 2560K, 0% used [0x0000000717e00000,0x0000000717e00000,0x0000000718080000)
 ParOldGen       total 518656K, used 19124K [0x00000005c5400000, 0x00000005e4e80000, 0x0000000717180000)
  object space 518656K, 3% used [0x00000005c5400000,0x00000005c66ad2d0,0x00000005e4e80000)
 Metaspace       used 15811K, capacity 16182K, committed 16384K, reserved 1062912K
  class space    used 2093K, capacity 2179K, committed 2304K, reserved 1048576K
Event: 25.191 GC heap after
Heap after GC invocations=16 (full 0):
 PSYoungGen      total 12800K, used 224K [0x0000000717180000, 0x0000000718080000, 0x00000007c0000000)
  eden space 10240K, 0% used [0x0000000717180000,0x0000000717180000,0x0000000717b80000)
  from space 2560K, 8% used [0x0000000717e00000,0x0000000717e38000,0x0000000718080000)
  to   space 2560K, 0% used [0x0000000717b80000,0x0000000717b80000,0x0000000717e00000)
 ParOldGen       total 518656K, used 19156K [0x00000005c5400000, 0x00000005e4e80000, 0x0000000717180000)
  object space 518656K, 3% used [0x00000005c5400000,0x00000005c66b52d0,0x00000005e4e80000)
 Metaspace       used 15811K, capacity 16182K, committed 16384K, reserved 1062912K
  class space    used 2093K, capacity 2179K, committed 2304K, reserved 1048576K
}

