# JRE version: Java(TM) SE Runtime Environment (8.0_05-b13) (build 1.8.0_05-b13)
# Java VM: Java HotSpot(TM) 64-Bit Server VM (25.5-b02 mixed mode windows-amd64 compressed oops)
Heap:
 PSYoungGen      total 12800K, used 4050K [0x0000000717180000, 0x0000000718900000, 0x00000007c0000000)
  eden space 12288K, 30% used [0x0000000717180000,0x00000007175349f0,0x0000000717d80000)
  from space 512K, 50% used [0x0000000718880000,0x00000007188c0000,0x0000000718900000)
  to   space 3072K, 0% used [0x0000000718300000,0x0000000718300000,0x0000000718600000)
 ParOldGen       total 518656K, used 18992K [0x00000005c5400000, 0x00000005e4e80000, 0x0000000717180000)
  object space 518656K, 3% used [0x00000005c5400000,0x00000005c668c320,0x00000005e4e80000)
 Metaspace       used 15465K, capacity 15862K, committed 16128K, reserved 1062912K
  class space    used 2096K, capacity 2179K, committed 2304K, reserved 1048576K
GC Heap History (10 events):
Event: 1.219 GC heap before
{Heap before GC invocations=8 (full 0):
 PSYoungGen      total 5120K, used 5049K [0x0000000717180000, 0x0000000717c80000, 0x00000007c0000000)
  eden space 4096K, 100% used [0x0000000717180000,0x0000000717580000,0x0000000717580000)
  from space 1024K, 93% used [0x0000000717580000,0x000000071766e6b0,0x0000000717680000)
  to   space 1536K, 0% used [0x0000000717b00000,0x0000000717b00000,0x0000000717c80000)
 ParOldGen       total 518656K, used 9130K [0x00000005c5400000, 0x00000005e4e80000, 0x0000000717180000)
  object space 518656K, 1% used [0x00000005c5400000,0x00000005c5ceabd8,0x00000005e4e80000)
 Metaspace       used 9074K, capacity 9262K, committed 9472K, reserved 1056768K
  class space    used 1168K, capacity 1220K, committed 1280K, reserved 1048576K
Event: 1.221 GC heap after
Heap after GC invocations=8 (full 0):
 PSYoungGen      total 9728K, used 1281K [0x0000000717180000, 0x0000000717c80000, 0x00000007c0000000)
  eden space 8192K, 0% used [0x0000000717180000,0x0000000717180000,0x0000000717980000)
  from space 1536K, 83% used [0x0000000717b00000,0x0000000717c404b8,0x0000000717c80000)
  to   space 1536K, 0% used [0x0000000717980000,0x0000000717980000,0x0000000717b00000)
 ParOldGen       total 518656K, used 9250K [0x00000005c5400000, 0x00000005e4e80000, 0x0000000717180000)
  object space 518656K, 1% used [0x00000005c5400000,0x00000005c5d08bd8,0x00000005e4e80000)
 Metaspace       used 9074K, capacity 9262K, committed 9472K, reserved 1056768K
  class space    used 1168K, capacity 1220K, committed 1280K, reserved 1048576K
}
Event: 1.361 GC heap before
{Heap before GC invocations=9 (full 0):
 PSYoungGen      total 9728K, used 9473K [0x0000000717180000, 0x0000000717c80000, 0x00000007c0000000)
  eden space 8192K, 100% used [0x0000000717180000,0x0000000717980000,0x0000000717980000)
  from space 1536K, 83% used [0x0000000717b00000,0x0000000717c404b8,0x0000000717c80000)
  to   space 1536K, 0% used [0x0000000717980000,0x0000000717980000,0x0000000717b00000)
 ParOldGen       total 518656K, used 9250K [0x00000005c5400000, 0x00000005e4e80000, 0x0000000717180000)
  object space 518656K, 1% used [0x00000005c5400000,0x00000005c5d08bd8,0x00000005e4e80000)
 Metaspace       used 11682K, capacity 11946K, committed 12160K, reserved 1060864K
  class space    used 1561K, capacity 1653K, committed 1664K, reserved 1048576K
Event: 1.364 GC heap after
Heap after GC invocations=9 (full 0):
 PSYoungGen      total 9728K, used 1504K [0x0000000717180000, 0x0000000718280000, 0x00000007c0000000)
  eden space 8192K, 0% used [0x0000000717180000,0x0000000717180000,0x0000000717980000)
  from space 1536K, 97% used [0x0000000717980000,0x0000000717af8040,0x0000000717b00000)
  to   space 2048K, 0% used [0x0000000718080000,0x0000000718080000,0x0000000718280000)
 ParOldGen       total 518656K, used 10583K [0x00000005c5400000, 0x00000005e4e80000, 0x0000000717180000)
  object space 518656K, 2% used [0x00000005c5400000,0x00000005c5e55df8,0x00000005e4e80000)
 Metaspace       used 11682K, capacity 11946K, committed 12160K, reserved 1060864K
  class space    used 1561K, capacity 1653K, committed 1664K, reserved 1048576K
}
Event: 1.606 GC heap before
{Heap before GC invocations=10 (full 0):
 PSYoungGen      total 9728K, used 9548K [0x0000000717180000, 0x0000000718280000, 0x00000007c0000000)
  eden space 8192K, 98% used [0x0000000717180000,0x000000071795b238,0x0000000717980000)
  from space 1536K, 97% used [0x0000000717980000,0x0000000717af8040,0x0000000717b00000)
  to   space 2048K, 0% used [0x0000000718080000,0x0000000718080000,0x0000000718280000)
 ParOldGen       total 518656K, used 10583K [0x00000005c5400000, 0x00000005e4e80000, 0x0000000717180000)
  object space 518656K, 2% used [0x00000005c5400000,0x00000005c5e55df8,0x00000005e4e80000)
 Metaspace       used 14895K, capacity 15198K, committed 15488K, reserved 1062912K
  class space    used 2058K, capacity 2137K, committed 2176K, reserved 1048576K
Event: 1.609 GC heap after
Heap after GC invocations=10 (full 0):
 PSYoungGen      total 14848K, used 1826K [0x0000000717180000, 0x0000000718380000, 0x00000007c0000000)
  eden space 12800K, 0% used [0x0000000717180000,0x0000000717180000,0x0000000717e00000)
  from space 2048K, 89% used [0x0000000718080000,0x0000000718248ad0,0x0000000718280000)
  to   space 2560K, 0% used [0x0000000717e00000,0x0000000717e00000,0x0000000718080000)
 ParOldGen       total 518656K, used 11095K [0x00000005c5400000, 0x00000005e4e80000, 0x0000000717180000)
  object space 518656K, 2% used [0x00000005c5400000,0x00000005c5ed5e38,0x00000005e4e80000)
 Metaspace       used 14895K, capacity 15198K, committed 15488K, reserved 1062912K
  class space    used 2058K, capacity 2137K, committed 2176K, reserved 1048576K
}
Event: 2.837 GC heap before
{Heap before GC invocations=11 (full 0):
 PSYoungGen      total 14848K, used 14626K [0x0000000717180000, 0x0000000718380000, 0x00000007c0000000)
  eden space 12800K, 100% used [0x0000000717180000,0x0000000717e00000,0x0000000717e00000)
  from space 2048K, 89% used [0x0000000718080000,0x0000000718248ad0,0x0000000718280000)
  to   space 2560K, 0% used [0x0000000717e00000,0x0000000717e00000,0x0000000718080000)
 ParOldGen       total 518656K, used 11095K [0x00000005c5400000, 0x00000005e4e80000, 0x0000000717180000)
  object space 518656K, 2% used [0x00000005c5400000,0x00000005c5ed5e38,0x00000005e4e80000)
 Metaspace       used 15220K, capacity 15542K, committed 15872K, reserved 1062912K
  class space    used 2095K, capacity 2179K, committed 2304K, reserved 1048576K
Event: 2.840 GC heap after
Heap after GC invocations=11 (full 0):
 PSYoungGen      total 15360K, used 2400K [0x0000000717180000, 0x0000000718b80000, 0x00000007c0000000)
  eden space 12800K, 0% used [0x0000000717180000,0x0000000717180000,0x0000000717e00000)
  from space 2560K, 93% used [0x0000000717e00000,0x0000000718058010,0x0000000718080000)
  to   space 3072K, 0% used [0x0000000718880000,0x0000000718880000,0x0000000718b80000)
 ParOldGen       total 518656K, used 14784K [0x00000005c5400000, 0x00000005e4e80000, 0x0000000717180000)
  object space 518656K, 2% used [0x00000005c5400000,0x00000005c6270300,0x00000005e4e80000)
 Metaspace       used 15220K, capacity 15542K, committed 15872K, reserved 1062912K
  class space    used 2095K, capacity 2179K, committed 2304K, reserved 1048576K
}
Event: 4.672 GC heap before
{Heap before GC invocations=12 (full 0):
 PSYoungGen      total 15360K, used 15200K [0x0000000717180000, 0x0000000718b80000, 0x00000007c0000000)
  eden space 12800K, 100% used [0x0000000717180000,0x0000000717e00000,0x0000000717e00000)
  from space 2560K, 93% used [0x0000000717e00000,0x0000000718058010,0x0000000718080000)
  to   space 3072K, 0% used [0x0000000718880000,0x0000000718880000,0x0000000718b80000)
 ParOldGen       total 518656K, used 14784K [0x00000005c5400000, 0x00000005e4e80000, 0x0000000717180000)
  object space 518656K, 2% used [0x00000005c5400000,0x00000005c6270300,0x00000005e4e80000)
 Metaspace       used 15393K, capacity 15798K, committed 16128K, reserved 1062912K
  class space    used 2095K, capacity 2179K, committed 2304K, reserved 1048576K
Event: 4.674 GC heap after
Heap after GC invocations=12 (full 0):
 PSYoungGen      total 12800K, used 256K [0x0000000717180000, 0x0000000718900000, 0x00000007c0000000)
  eden space 12288K, 0% used [0x0000000717180000,0x0000000717180000,0x0000000717d80000)
  from space 512K, 50% used [0x0000000718880000,0x00000007188c0000,0x0000000718900000)
  to   space 3072K, 0% used [0x0000000718300000,0x0000000718300000,0x0000000718600000)
 ParOldGen       total 518656K, used 18992K [0x00000005c5400000, 0x00000005e4e80000, 0x0000000717180000)
  object space 518656K, 3% used [0x00000005c5400000,0x00000005c668c320,0x00000005e4e80000)
 Metaspace       used 15393K, capacity 15798K, committed 16128K, reserved 1062912K
  class space    used 2095K, capacity 2179K, committed 2304K, reserved 1048576K
}

