# JRE version: Java(TM) SE Runtime Environment (8.0_05-b13) (build 1.8.0_05-b13)
# Java VM: Java HotSpot(TM) 64-Bit Server VM (25.5-b02 mixed mode windows-amd64 compressed oops)
Heap:
 PSYoungGen      total 10752K, used 1436K [0x0000000717180000, 0x0000000718500000, 0x00000007c0000000)
  eden space 10240K, 11% used [0x0000000717180000,0x00000007172af378,0x0000000717b80000)
  from space 512K, 43% used [0x0000000718480000,0x00000007184b8000,0x0000000718500000)
  to   space 3072K, 0% used [0x0000000717f00000,0x0000000717f00000,0x0000000718200000)
 ParOldGen       total 518656K, used 15161K [0x00000005c5400000, 0x00000005e4e80000, 0x0000000717180000)
  object space 518656K, 2% used [0x00000005c5400000,0x00000005c62ce440,0x00000005e4e80000)
 Metaspace       used 15638K, capacity 16044K, committed 16384K, reserved 1062912K
  class space    used 2099K, capacity 2178K, committed 2304K, reserved 1048576K
GC Heap History (10 events):
Event: 1.531 GC heap before
{Heap before GC invocations=10 (full 0):
 PSYoungGen      total 9216K, used 9200K [0x0000000717180000, 0x0000000718180000, 0x00000007c0000000)
  eden space 7680K, 100% used [0x0000000717180000,0x0000000717900000,0x0000000717900000)
  from space 1536K, 98% used [0x0000000717900000,0x0000000717a7c070,0x0000000717a80000)
  to   space 2048K, 0% used [0x0000000717f80000,0x0000000717f80000,0x0000000718180000)
 ParOldGen       total 518656K, used 10699K [0x00000005c5400000, 0x00000005e4e80000, 0x0000000717180000)
  object space 518656K, 2% used [0x00000005c5400000,0x00000005c5e72e80,0x00000005e4e80000)
 Metaspace       used 14791K, capacity 15060K, committed 15232K, reserved 1062912K
  class space    used 2045K, capacity 2136K, committed 2176K, reserved 1048576K
Event: 1.534 GC heap after
Heap after GC invocations=10 (full 0):
 PSYoungGen      total 13824K, used 1861K [0x0000000717180000, 0x0000000718280000, 0x00000007c0000000)
  eden space 11776K, 0% used [0x0000000717180000,0x0000000717180000,0x0000000717d00000)
  from space 2048K, 90% used [0x0000000717f80000,0x0000000718151560,0x0000000718180000)
  to   space 2560K, 0% used [0x0000000717d00000,0x0000000717d00000,0x0000000717f80000)
 ParOldGen       total 518656K, used 11175K [0x00000005c5400000, 0x00000005e4e80000, 0x0000000717180000)
  object space 518656K, 2% used [0x00000005c5400000,0x00000005c5ee9ed0,0x00000005e4e80000)
 Metaspace       used 14791K, capacity 15060K, committed 15232K, reserved 1062912K
  class space    used 2045K, capacity 2136K, committed 2176K, reserved 1048576K
}
Event: 2.668 GC heap before
{Heap before GC invocations=11 (full 0):
 PSYoungGen      total 13824K, used 13637K [0x0000000717180000, 0x0000000718280000, 0x00000007c0000000)
  eden space 11776K, 100% used [0x0000000717180000,0x0000000717d00000,0x0000000717d00000)
  from space 2048K, 90% used [0x0000000717f80000,0x0000000718151560,0x0000000718180000)
  to   space 2560K, 0% used [0x0000000717d00000,0x0000000717d00000,0x0000000717f80000)
 ParOldGen       total 518656K, used 11178K [0x00000005c5400000, 0x00000005e4e80000, 0x0000000717180000)
  object space 518656K, 2% used [0x00000005c5400000,0x00000005c5eea9f8,0x00000005e4e80000)
 Metaspace       used 15224K, capacity 15596K, committed 15872K, reserved 1062912K
  class space    used 2097K, capacity 2178K, committed 2304K, reserved 1048576K
Event: 2.672 GC heap after
Heap after GC invocations=11 (full 0):
 PSYoungGen      total 14336K, used 2400K [0x0000000717180000, 0x0000000718a00000, 0x00000007c0000000)
  eden space 11776K, 0% used [0x0000000717180000,0x0000000717180000,0x0000000717d00000)
  from space 2560K, 93% used [0x0000000717d00000,0x0000000717f58010,0x0000000717f80000)
  to   space 3072K, 0% used [0x0000000718700000,0x0000000718700000,0x0000000718a00000)
 ParOldGen       total 518656K, used 14905K [0x00000005c5400000, 0x00000005e4e80000, 0x0000000717180000)
  object space 518656K, 2% used [0x00000005c5400000,0x00000005c628e440,0x00000005e4e80000)
 Metaspace       used 15224K, capacity 15596K, committed 15872K, reserved 1062912K
  class space    used 2097K, capacity 2178K, committed 2304K, reserved 1048576K
}
Event: 4.531 GC heap before
{Heap before GC invocations=12 (full 0):
 PSYoungGen      total 14336K, used 14176K [0x0000000717180000, 0x0000000718a00000, 0x00000007c0000000)
  eden space 11776K, 100% used [0x0000000717180000,0x0000000717d00000,0x0000000717d00000)
  from space 2560K, 93% used [0x0000000717d00000,0x0000000717f58010,0x0000000717f80000)
  to   space 3072K, 0% used [0x0000000718700000,0x0000000718700000,0x0000000718a00000)
 ParOldGen       total 518656K, used 14905K [0x00000005c5400000, 0x00000005e4e80000, 0x0000000717180000)
  object space 518656K, 2% used [0x00000005c5400000,0x00000005c628e440,0x00000005e4e80000)
 Metaspace       used 15391K, capacity 15788K, committed 16128K, reserved 1062912K
  class space    used 2098K, capacity 2178K, committed 2304K, reserved 1048576K
Event: 4.532 GC heap after
Heap after GC invocations=12 (full 0):
 PSYoungGen      total 11776K, used 224K [0x0000000717180000, 0x0000000718780000, 0x00000007c0000000)
  eden space 11264K, 0% used [0x0000000717180000,0x0000000717180000,0x0000000717c80000)
  from space 512K, 43% used [0x0000000718700000,0x0000000718738000,0x0000000718780000)
  to   space 3072K, 0% used [0x0000000718180000,0x0000000718180000,0x0000000718480000)
 ParOldGen       total 518656K, used 15049K [0x00000005c5400000, 0x00000005e4e80000, 0x0000000717180000)
  object space 518656K, 2% used [0x00000005c5400000,0x00000005c62b2440,0x00000005e4e80000)
 Metaspace       used 15391K, capacity 15788K, committed 16128K, reserved 1062912K
  class space    used 2098K, capacity 2178K, committed 2304K, reserved 1048576K
}
Event: 6.425 GC heap before
{Heap before GC invocations=13 (full 0):
 PSYoungGen      total 11776K, used 11488K [0x0000000717180000, 0x0000000718780000, 0x00000007c0000000)
  eden space 11264K, 100% used [0x0000000717180000,0x0000000717c80000,0x0000000717c80000)
  from space 512K, 43% used [0x0000000718700000,0x0000000718738000,0x0000000718780000)
  to   space 3072K, 0% used [0x0000000718180000,0x0000000718180000,0x0000000718480000)
 ParOldGen       total 518656K, used 15049K [0x00000005c5400000, 0x00000005e4e80000, 0x0000000717180000)
  object space 518656K, 2% used [0x00000005c5400000,0x00000005c62b2440,0x00000005e4e80000)
 Metaspace       used 15492K, capacity 15852K, committed 16128K, reserved 1062912K
  class space    used 2098K, capacity 2178K, committed 2304K, reserved 1048576K
Event: 6.426 GC heap after
Heap after GC invocations=13 (full 0):
 PSYoungGen      total 13824K, used 256K [0x0000000717180000, 0x0000000718780000, 0x00000007c0000000)
  eden space 10752K, 0% used [0x0000000717180000,0x0000000717180000,0x0000000717c00000)
  from space 3072K, 8% used [0x0000000718180000,0x00000007181c0000,0x0000000718480000)
  to   space 3072K, 0% used [0x0000000718480000,0x0000000718480000,0x0000000718780000)
 ParOldGen       total 518656K, used 15105K [0x00000005c5400000, 0x00000005e4e80000, 0x0000000717180000)
  object space 518656K, 2% used [0x00000005c5400000,0x00000005c62c0440,0x00000005e4e80000)
 Metaspace       used 15492K, capacity 15852K, committed 16128K, reserved 1062912K
  class space    used 2098K, capacity 2178K, committed 2304K, reserved 1048576K
}
Event: 9.150 GC heap before
{Heap before GC invocations=14 (full 0):
 PSYoungGen      total 13824K, used 11008K [0x0000000717180000, 0x0000000718780000, 0x00000007c0000000)
  eden space 10752K, 100% used [0x0000000717180000,0x0000000717c00000,0x0000000717c00000)
  from space 3072K, 8% used [0x0000000718180000,0x00000007181c0000,0x0000000718480000)
  to   space 3072K, 0% used [0x0000000718480000,0x0000000718480000,0x0000000718780000)
 ParOldGen       total 518656K, used 15105K [0x00000005c5400000, 0x00000005e4e80000, 0x0000000717180000)
  object space 518656K, 2% used [0x00000005c5400000,0x00000005c62c0440,0x00000005e4e80000)
 Metaspace       used 15608K, capacity 15980K, committed 16128K, reserved 1062912K
  class space    used 2098K, capacity 2178K, committed 2304K, reserved 1048576K
Event: 9.151 GC heap after
Heap after GC invocations=14 (full 0):
 PSYoungGen      total 10752K, used 224K [0x0000000717180000, 0x0000000718500000, 0x00000007c0000000)
  eden space 10240K, 0% used [0x0000000717180000,0x0000000717180000,0x0000000717b80000)
  from space 512K, 43% used [0x0000000718480000,0x00000007184b8000,0x0000000718500000)
  to   space 3072K, 0% used [0x0000000717f00000,0x0000000717f00000,0x0000000718200000)
 ParOldGen       total 518656K, used 15161K [0x00000005c5400000, 0x00000005e4e80000, 0x0000000717180000)
  object space 518656K, 2% used [0x00000005c5400000,0x00000005c62ce440,0x00000005e4e80000)
 Metaspace       used 15608K, capacity 15980K, committed 16128K, reserved 1062912K
  class space    used 2098K, capacity 2178K, committed 2304K, reserved 1048576K
}

