# JRE version: Java(TM) SE Runtime Environment (8.0_05-b13) (build 1.8.0_05-b13)
# Java VM: Java HotSpot(TM) 64-Bit Server VM (25.5-b02 mixed mode windows-amd64 compressed oops)
Heap:
 PSYoungGen      total 15872K, used 13725K [0x0000000717180000, 0x0000000718c80000, 0x00000007c0000000)
  eden space 13312K, 84% used [0x0000000717180000,0x0000000717c874a8,0x0000000717e80000)
  from space 2560K, 95% used [0x0000000717e80000,0x00000007180e0010,0x0000000718100000)
  to   space 3072K, 0% used [0x0000000718980000,0x0000000718980000,0x0000000718c80000)
 ParOldGen       total 518656K, used 14723K [0x00000005c5400000, 0x00000005e4e80000, 0x0000000717180000)
  object space 518656K, 2% used [0x00000005c5400000,0x00000005c6260ce0,0x00000005e4e80000)
 Metaspace       used 15435K, capacity 15778K, committed 16000K, reserved 1062912K
  class space    used 2087K, capacity 2173K, committed 2176K, reserved 1048576K
GC Heap History (10 events):
Event: 0.550 GC heap before
{Heap before GC invocations=7 (full 0):
 PSYoungGen      total 5120K, used 4880K [0x0000000717180000, 0x0000000717780000, 0x00000007c0000000)
  eden space 4096K, 100% used [0x0000000717180000,0x0000000717580000,0x0000000717580000)
  from space 1024K, 76% used [0x0000000717680000,0x0000000717744020,0x0000000717780000)
  to   space 1024K, 0% used [0x0000000717580000,0x0000000717580000,0x0000000717680000)
 ParOldGen       total 518656K, used 8839K [0x00000005c5400000, 0x00000005e4e80000, 0x0000000717180000)
  object space 518656K, 1% used [0x00000005c5400000,0x00000005c5ca1dd8,0x00000005e4e80000)
 Metaspace       used 8185K, capacity 8316K, committed 8576K, reserved 1056768K
  class space    used 1046K, capacity 1099K, committed 1152K, reserved 1048576K
Event: 0.552 GC heap after
Heap after GC invocations=7 (full 0):
 PSYoungGen      total 5120K, used 1017K [0x0000000717180000, 0x0000000717c80000, 0x00000007c0000000)
  eden space 4096K, 0% used [0x0000000717180000,0x0000000717180000,0x0000000717580000)
  from space 1024K, 99% used [0x0000000717580000,0x000000071767e548,0x0000000717680000)
  to   space 1536K, 0% used [0x0000000717b00000,0x0000000717b00000,0x0000000717c80000)
 ParOldGen       total 518656K, used 9159K [0x00000005c5400000, 0x00000005e4e80000, 0x0000000717180000)
  object space 518656K, 1% used [0x00000005c5400000,0x00000005c5cf1f80,0x00000005e4e80000)
 Metaspace       used 8185K, capacity 8316K, committed 8576K, reserved 1056768K
  class space    used 1046K, capacity 1099K, committed 1152K, reserved 1048576K
}
Event: 1.213 GC heap before
{Heap before GC invocations=8 (full 0):
 PSYoungGen      total 5120K, used 5113K [0x0000000717180000, 0x0000000717c80000, 0x00000007c0000000)
  eden space 4096K, 100% used [0x0000000717180000,0x0000000717580000,0x0000000717580000)
  from space 1024K, 99% used [0x0000000717580000,0x000000071767e548,0x0000000717680000)
  to   space 1536K, 0% used [0x0000000717b00000,0x0000000717b00000,0x0000000717c80000)
 ParOldGen       total 518656K, used 9159K [0x00000005c5400000, 0x00000005e4e80000, 0x0000000717180000)
  object space 518656K, 1% used [0x00000005c5400000,0x00000005c5cf1f80,0x00000005e4e80000)
 Metaspace       used 9076K, capacity 9332K, committed 9472K, reserved 1056768K
  class space    used 1169K, capacity 1221K, committed 1280K, reserved 1048576K
Event: 1.215 GC heap after
Heap after GC invocations=8 (full 0):
 PSYoungGen      total 9728K, used 1285K [0x0000000717180000, 0x0000000717c80000, 0x00000007c0000000)
  eden space 8192K, 0% used [0x0000000717180000,0x0000000717180000,0x0000000717980000)
  from space 1536K, 83% used [0x0000000717b00000,0x0000000717c41768,0x0000000717c80000)
  to   space 1536K, 0% used [0x0000000717980000,0x0000000717980000,0x0000000717b00000)
 ParOldGen       total 518656K, used 9279K [0x00000005c5400000, 0x00000005e4e80000, 0x0000000717180000)
  object space 518656K, 1% used [0x00000005c5400000,0x00000005c5d0ff80,0x00000005e4e80000)
 Metaspace       used 9076K, capacity 9332K, committed 9472K, reserved 1056768K
  class space    used 1169K, capacity 1221K, committed 1280K, reserved 1048576K
}
Event: 1.350 GC heap before
{Heap before GC invocations=9 (full 0):
 PSYoungGen      total 9728K, used 9477K [0x0000000717180000, 0x0000000717c80000, 0x00000007c0000000)
  eden space 8192K, 100% used [0x0000000717180000,0x0000000717980000,0x0000000717980000)
  from space 1536K, 83% used [0x0000000717b00000,0x0000000717c41768,0x0000000717c80000)
  to   space 1536K, 0% used [0x0000000717980000,0x0000000717980000,0x0000000717b00000)
 ParOldGen       total 518656K, used 9279K [0x00000005c5400000, 0x00000005e4e80000, 0x0000000717180000)
  object space 518656K, 1% used [0x00000005c5400000,0x00000005c5d0ff80,0x00000005e4e80000)
 Metaspace       used 11686K, capacity 11946K, committed 12160K, reserved 1060864K
  class space    used 1559K, capacity 1653K, committed 1664K, reserved 1048576K
Event: 1.353 GC heap after
Heap after GC invocations=9 (full 0):
 PSYoungGen      total 9728K, used 1520K [0x0000000717180000, 0x0000000718380000, 0x00000007c0000000)
  eden space 8192K, 0% used [0x0000000717180000,0x0000000717180000,0x0000000717980000)
  from space 1536K, 98% used [0x0000000717980000,0x0000000717afc050,0x0000000717b00000)
  to   space 2560K, 0% used [0x0000000718100000,0x0000000718100000,0x0000000718380000)
 ParOldGen       total 518656K, used 10612K [0x00000005c5400000, 0x00000005e4e80000, 0x0000000717180000)
  object space 518656K, 2% used [0x00000005c5400000,0x00000005c5e5d298,0x00000005e4e80000)
 Metaspace       used 11686K, capacity 11946K, committed 12160K, reserved 1060864K
  class space    used 1559K, capacity 1653K, committed 1664K, reserved 1048576K
}
Event: 1.581 GC heap before
{Heap before GC invocations=10 (full 0):
 PSYoungGen      total 9728K, used 9427K [0x0000000717180000, 0x0000000718380000, 0x00000007c0000000)
  eden space 8192K, 96% used [0x0000000717180000,0x0000000717938f18,0x0000000717980000)
  from space 1536K, 98% used [0x0000000717980000,0x0000000717afc050,0x0000000717b00000)
  to   space 2560K, 0% used [0x0000000718100000,0x0000000718100000,0x0000000718380000)
 ParOldGen       total 518656K, used 10612K [0x00000005c5400000, 0x00000005e4e80000, 0x0000000717180000)
  object space 518656K, 2% used [0x00000005c5400000,0x00000005c5e5d298,0x00000005e4e80000)
 Metaspace       used 14549K, capacity 14782K, committed 14976K, reserved 1062912K
  class space    used 2015K, capacity 2105K, committed 2176K, reserved 1048576K
Event: 1.584 GC heap after
Heap after GC invocations=10 (full 0):
 PSYoungGen      total 15872K, used 1877K [0x0000000717180000, 0x0000000718380000, 0x00000007c0000000)
  eden space 13312K, 0% used [0x0000000717180000,0x0000000717180000,0x0000000717e80000)
  from space 2560K, 73% used [0x0000000718100000,0x00000007182d5550,0x0000000718380000)
  to   space 2560K, 0% used [0x0000000717e80000,0x0000000717e80000,0x0000000718100000)
 ParOldGen       total 518656K, used 11036K [0x00000005c5400000, 0x00000005e4e80000, 0x0000000717180000)
  object space 518656K, 2% used [0x00000005c5400000,0x00000005c5ec7298,0x00000005e4e80000)
 Metaspace       used 14549K, capacity 14782K, committed 14976K, reserved 1062912K
  class space    used 2015K, capacity 2105K, committed 2176K, reserved 1048576K
}
Event: 2.767 GC heap before
{Heap before GC invocations=11 (full 0):
 PSYoungGen      total 15872K, used 15189K [0x0000000717180000, 0x0000000718380000, 0x00000007c0000000)
  eden space 13312K, 100% used [0x0000000717180000,0x0000000717e80000,0x0000000717e80000)
  from space 2560K, 73% used [0x0000000718100000,0x00000007182d5550,0x0000000718380000)
  to   space 2560K, 0% used [0x0000000717e80000,0x0000000717e80000,0x0000000718100000)
 ParOldGen       total 518656K, used 11036K [0x00000005c5400000, 0x00000005e4e80000, 0x0000000717180000)
  object space 518656K, 2% used [0x00000005c5400000,0x00000005c5ec7298,0x00000005e4e80000)
 Metaspace       used 15203K, capacity 15586K, committed 15744K, reserved 1062912K
  class space    used 2086K, capacity 2173K, committed 2176K, reserved 1048576K
Event: 2.770 GC heap after
Heap after GC invocations=11 (full 0):
 PSYoungGen      total 15872K, used 2432K [0x0000000717180000, 0x0000000718c80000, 0x00000007c0000000)
  eden space 13312K, 0% used [0x0000000717180000,0x0000000717180000,0x0000000717e80000)
  from space 2560K, 95% used [0x0000000717e80000,0x00000007180e0010,0x0000000718100000)
  to   space 3072K, 0% used [0x0000000718980000,0x0000000718980000,0x0000000718c80000)
 ParOldGen       total 518656K, used 14723K [0x00000005c5400000, 0x00000005e4e80000, 0x0000000717180000)
  object space 518656K, 2% used [0x00000005c5400000,0x00000005c6260ce0,0x00000005e4e80000)
 Metaspace       used 15203K, capacity 15586K, committed 15744K, reserved 1062912K
  class space    used 2086K, capacity 2173K, committed 2176K, reserved 1048576K
}

