# JRE version: Java(TM) SE Runtime Environment (8.0_05-b13) (build 1.8.0_05-b13)
# Java VM: Java HotSpot(TM) 64-Bit Server VM (25.5-b02 mixed mode windows-amd64 compressed oops)
Heap:
 PSYoungGen      total 19456K, used 5529K [0x0000000717180000, 0x0000000718780000, 0x00000007c0000000)
  eden space 17408K, 30% used [0x0000000717180000,0x000000071769e4a0,0x0000000718280000)
  from space 2048K, 14% used [0x0000000718580000,0x00000007185c8000,0x0000000718780000)
  to   space 2560K, 0% used [0x0000000718280000,0x0000000718280000,0x0000000718500000)
 ParOldGen       total 518656K, used 19246K [0x00000005c5400000, 0x00000005e4e80000, 0x0000000717180000)
  object space 518656K, 3% used [0x00000005c5400000,0x00000005c66cbaa8,0x00000005e4e80000)
 Metaspace       used 16045K, capacity 16364K, committed 16640K, reserved 1062912K
  class space    used 2098K, capacity 2178K, committed 2304K, reserved 1048576K
GC Heap History (10 events):
Event: 9.448 GC heap before
{Heap before GC invocations=14 (full 0):
 PSYoungGen      total 20480K, used 20256K [0x0000000717180000, 0x0000000718b00000, 0x00000007c0000000)
  eden space 19968K, 100% used [0x0000000717180000,0x0000000718500000,0x0000000718500000)
  from space 512K, 56% used [0x0000000718580000,0x00000007185c8000,0x0000000718600000)
  to   space 3072K, 0% used [0x0000000718800000,0x0000000718800000,0x0000000718b00000)
 ParOldGen       total 518656K, used 19014K [0x00000005c5400000, 0x00000005e4e80000, 0x0000000717180000)
  object space 518656K, 3% used [0x00000005c5400000,0x00000005c6691aa8,0x00000005e4e80000)
 Metaspace       used 15863K, capacity 16236K, committed 16384K, reserved 1062912K
  class space    used 2097K, capacity 2178K, committed 2304K, reserved 1048576K
Event: 9.449 GC heap after
Heap after GC invocations=14 (full 0):
 PSYoungGen      total 22016K, used 288K [0x0000000717180000, 0x0000000718a80000, 0x00000007c0000000)
  eden space 19456K, 0% used [0x0000000717180000,0x0000000717180000,0x0000000718480000)
  from space 2560K, 11% used [0x0000000718800000,0x0000000718848000,0x0000000718a80000)
  to   space 3072K, 0% used [0x0000000718480000,0x0000000718480000,0x0000000718780000)
 ParOldGen       total 518656K, used 19062K [0x00000005c5400000, 0x00000005e4e80000, 0x0000000717180000)
  object space 518656K, 3% used [0x00000005c5400000,0x00000005c669daa8,0x00000005e4e80000)
 Metaspace       used 15863K, capacity 16236K, committed 16384K, reserved 1062912K
  class space    used 2097K, capacity 2178K, committed 2304K, reserved 1048576K
}
Event: 12.409 GC heap before
{Heap before GC invocations=15 (full 0):
 PSYoungGen      total 22016K, used 19744K [0x0000000717180000, 0x0000000718a80000, 0x00000007c0000000)
  eden space 19456K, 100% used [0x0000000717180000,0x0000000718480000,0x0000000718480000)
  from space 2560K, 11% used [0x0000000718800000,0x0000000718848000,0x0000000718a80000)
  to   space 3072K, 0% used [0x0000000718480000,0x0000000718480000,0x0000000718780000)
 ParOldGen       total 518656K, used 19062K [0x00000005c5400000, 0x00000005e4e80000, 0x0000000717180000)
  object space 518656K, 3% used [0x00000005c5400000,0x00000005c669daa8,0x00000005e4e80000)
 Metaspace       used 15927K, capacity 16300K, committed 16640K, reserved 1062912K
  class space    used 2097K, capacity 2178K, committed 2304K, reserved 1048576K
Event: 12.410 GC heap after
Heap after GC invocations=15 (full 0):
 PSYoungGen      total 19456K, used 256K [0x0000000717180000, 0x0000000718a00000, 0x00000007c0000000)
  eden space 18944K, 0% used [0x0000000717180000,0x0000000717180000,0x0000000718400000)
  from space 512K, 50% used [0x0000000718480000,0x00000007184c0000,0x0000000718500000)
  to   space 3072K, 0% used [0x0000000718700000,0x0000000718700000,0x0000000718a00000)
 ParOldGen       total 518656K, used 19126K [0x00000005c5400000, 0x00000005e4e80000, 0x0000000717180000)
  object space 518656K, 3% used [0x00000005c5400000,0x00000005c66adaa8,0x00000005e4e80000)
 Metaspace       used 15927K, capacity 16300K, committed 16640K, reserved 1062912K
  class space    used 2097K, capacity 2178K, committed 2304K, reserved 1048576K
}
Event: 15.495 GC heap before
{Heap before GC invocations=16 (full 0):
 PSYoungGen      total 19456K, used 19200K [0x0000000717180000, 0x0000000718a00000, 0x00000007c0000000)
  eden space 18944K, 100% used [0x0000000717180000,0x0000000718400000,0x0000000718400000)
  from space 512K, 50% used [0x0000000718480000,0x00000007184c0000,0x0000000718500000)
  to   space 3072K, 0% used [0x0000000718700000,0x0000000718700000,0x0000000718a00000)
 ParOldGen       total 518656K, used 19126K [0x00000005c5400000, 0x00000005e4e80000, 0x0000000717180000)
  object space 518656K, 3% used [0x00000005c5400000,0x00000005c66adaa8,0x00000005e4e80000)
 Metaspace       used 15962K, capacity 16300K, committed 16640K, reserved 1062912K
  class space    used 2097K, capacity 2178K, committed 2304K, reserved 1048576K
Event: 15.496 GC heap after
Heap after GC invocations=16 (full 0):
 PSYoungGen      total 19968K, used 256K [0x0000000717180000, 0x0000000718880000, 0x00000007c0000000)
  eden space 18432K, 0% used [0x0000000717180000,0x0000000717180000,0x0000000718380000)
  from space 1536K, 16% used [0x0000000718700000,0x0000000718740000,0x0000000718880000)
  to   space 2560K, 0% used [0x0000000718380000,0x0000000718380000,0x0000000718600000)
 ParOldGen       total 518656K, used 19174K [0x00000005c5400000, 0x00000005e4e80000, 0x0000000717180000)
  object space 518656K, 3% used [0x00000005c5400000,0x00000005c66b9aa8,0x00000005e4e80000)
 Metaspace       used 15962K, capacity 16300K, committed 16640K, reserved 1062912K
  class space    used 2097K, capacity 2178K, committed 2304K, reserved 1048576K
}
Event: 18.623 GC heap before
{Heap before GC invocations=17 (full 0):
 PSYoungGen      total 19968K, used 18688K [0x0000000717180000, 0x0000000718880000, 0x00000007c0000000)
  eden space 18432K, 100% used [0x0000000717180000,0x0000000718380000,0x0000000718380000)
  from space 1536K, 16% used [0x0000000718700000,0x0000000718740000,0x0000000718880000)
  to   space 2560K, 0% used [0x0000000718380000,0x0000000718380000,0x0000000718600000)
 ParOldGen       total 518656K, used 19174K [0x00000005c5400000, 0x00000005e4e80000, 0x0000000717180000)
  object space 518656K, 3% used [0x00000005c5400000,0x00000005c66b9aa8,0x00000005e4e80000)
 Metaspace       used 16001K, capacity 16364K, committed 16640K, reserved 1062912K
  class space    used 2097K, capacity 2178K, committed 2304K, reserved 1048576K
Event: 18.625 GC heap after
Heap after GC invocations=17 (full 0):
 PSYoungGen      total 18432K, used 288K [0x0000000717180000, 0x0000000718800000, 0x00000007c0000000)
  eden space 17920K, 0% used [0x0000000717180000,0x0000000717180000,0x0000000718300000)
  from space 512K, 56% used [0x0000000718380000,0x00000007183c8000,0x0000000718400000)
  to   space 2560K, 0% used [0x0000000718580000,0x0000000718580000,0x0000000718800000)
 ParOldGen       total 518656K, used 19206K [0x00000005c5400000, 0x00000005e4e80000, 0x0000000717180000)
  object space 518656K, 3% used [0x00000005c5400000,0x00000005c66c1aa8,0x00000005e4e80000)
 Metaspace       used 16001K, capacity 16364K, committed 16640K, reserved 1062912K
  class space    used 2097K, capacity 2178K, committed 2304K, reserved 1048576K
}
Event: 21.835 GC heap before
{Heap before GC invocations=18 (full 0):
 PSYoungGen      total 18432K, used 18208K [0x0000000717180000, 0x0000000718800000, 0x00000007c0000000)
  eden space 17920K, 100% used [0x0000000717180000,0x0000000718300000,0x0000000718300000)
  from space 512K, 56% used [0x0000000718380000,0x00000007183c8000,0x0000000718400000)
  to   space 2560K, 0% used [0x0000000718580000,0x0000000718580000,0x0000000718800000)
 ParOldGen       total 518656K, used 19206K [0x00000005c5400000, 0x00000005e4e80000, 0x0000000717180000)
  object space 518656K, 3% used [0x00000005c5400000,0x00000005c66c1aa8,0x00000005e4e80000)
 Metaspace       used 16032K, capacity 16364K, committed 16640K, reserved 1062912K
  class space    used 2097K, capacity 2178K, committed 2304K, reserved 1048576K
Event: 21.836 GC heap after
Heap after GC invocations=18 (full 0):
 PSYoungGen      total 19456K, used 288K [0x0000000717180000, 0x0000000718780000, 0x00000007c0000000)
  eden space 17408K, 0% used [0x0000000717180000,0x0000000717180000,0x0000000718280000)
  from space 2048K, 14% used [0x0000000718580000,0x00000007185c8000,0x0000000718780000)
  to   space 2560K, 0% used [0x0000000718280000,0x0000000718280000,0x0000000718500000)
 ParOldGen       total 518656K, used 19246K [0x00000005c5400000, 0x00000005e4e80000, 0x0000000717180000)
  object space 518656K, 3% used [0x00000005c5400000,0x00000005c66cbaa8,0x00000005e4e80000)
 Metaspace       used 16032K, capacity 16364K, committed 16640K, reserved 1062912K
  class space    used 2097K, capacity 2178K, committed 2304K, reserved 1048576K
}

