# JRE version: Java(TM) SE Runtime Environment (8.0_05-b13) (build 1.8.0_05-b13)
# Java VM: Java HotSpot(TM) 64-Bit Server VM (25.5-b02 mixed mode windows-amd64 compressed oops)
Heap:
 PSYoungGen      total 14848K, used 7725K [0x0000000717180000, 0x0000000718900000, 0x00000007c0000000)
  eden space 11776K, 63% used [0x0000000717180000,0x00000007178c3418,0x0000000717d00000)
  from space 3072K, 9% used [0x0000000718300000,0x0000000718348000,0x0000000718600000)
  to   space 3072K, 0% used [0x0000000718600000,0x0000000718600000,0x0000000718900000)
 ParOldGen       total 518656K, used 14956K [0x00000005c5400000, 0x00000005e4e80000, 0x0000000717180000)
  object space 518656K, 2% used [0x00000005c5400000,0x00000005c629b3c8,0x00000005e4e80000)
 Metaspace       used 15776K, capacity 16182K, committed 16384K, reserved 1062912K
  class space    used 2095K, capacity 2179K, committed 2304K, reserved 1048576K
GC Heap History (10 events):
Event: 1.367 GC heap before
{Heap before GC invocations=9 (full 0):
 PSYoungGen      total 9728K, used 9500K [0x0000000717180000, 0x0000000717c80000, 0x00000007c0000000)
  eden space 8192K, 100% used [0x0000000717180000,0x0000000717980000,0x0000000717980000)
  from space 1536K, 85% used [0x0000000717b00000,0x0000000717c47370,0x0000000717c80000)
  to   space 1536K, 0% used [0x0000000717980000,0x0000000717980000,0x0000000717b00000)
 ParOldGen       total 518656K, used 9263K [0x00000005c5400000, 0x00000005e4e80000, 0x0000000717180000)
  object space 518656K, 1% used [0x00000005c5400000,0x00000005c5d0bc90,0x00000005e4e80000)
 Metaspace       used 11700K, capacity 11946K, committed 12160K, reserved 1060864K
  class space    used 1559K, capacity 1653K, committed 1664K, reserved 1048576K
Event: 1.370 GC heap after
Heap after GC invocations=9 (full 0):
 PSYoungGen      total 9728K, used 1520K [0x0000000717180000, 0x0000000718280000, 0x00000007c0000000)
  eden space 8192K, 0% used [0x0000000717180000,0x0000000717180000,0x0000000717980000)
  from space 1536K, 98% used [0x0000000717980000,0x0000000717afc050,0x0000000717b00000)
  to   space 2048K, 0% used [0x0000000718080000,0x0000000718080000,0x0000000718280000)
 ParOldGen       total 518656K, used 10563K [0x00000005c5400000, 0x00000005e4e80000, 0x0000000717180000)
  object space 518656K, 2% used [0x00000005c5400000,0x00000005c5e50eb0,0x00000005e4e80000)
 Metaspace       used 11700K, capacity 11946K, committed 12160K, reserved 1060864K
  class space    used 1559K, capacity 1653K, committed 1664K, reserved 1048576K
}
Event: 1.612 GC heap before
{Heap before GC invocations=10 (full 0):
 PSYoungGen      total 9728K, used 9300K [0x0000000717180000, 0x0000000718280000, 0x00000007c0000000)
  eden space 8192K, 94% used [0x0000000717180000,0x0000000717919248,0x0000000717980000)
  from space 1536K, 98% used [0x0000000717980000,0x0000000717afc050,0x0000000717b00000)
  to   space 2048K, 0% used [0x0000000718080000,0x0000000718080000,0x0000000718280000)
 ParOldGen       total 518656K, used 10563K [0x00000005c5400000, 0x00000005e4e80000, 0x0000000717180000)
  object space 518656K, 2% used [0x00000005c5400000,0x00000005c5e50eb0,0x00000005e4e80000)
 Metaspace       used 14900K, capacity 15198K, committed 15488K, reserved 1062912K
  class space    used 2055K, capacity 2137K, committed 2176K, reserved 1048576K
Event: 1.615 GC heap after
Heap after GC invocations=10 (full 0):
 PSYoungGen      total 14848K, used 1954K [0x0000000717180000, 0x0000000718380000, 0x00000007c0000000)
  eden space 12800K, 0% used [0x0000000717180000,0x0000000717180000,0x0000000717e00000)
  from space 2048K, 95% used [0x0000000718080000,0x0000000718268ad0,0x0000000718280000)
  to   space 2560K, 0% used [0x0000000717e00000,0x0000000717e00000,0x0000000718080000)
 ParOldGen       total 518656K, used 11019K [0x00000005c5400000, 0x00000005e4e80000, 0x0000000717180000)
  object space 518656K, 2% used [0x00000005c5400000,0x00000005c5ec2f00,0x00000005e4e80000)
 Metaspace       used 14900K, capacity 15198K, committed 15488K, reserved 1062912K
  class space    used 2055K, capacity 2137K, committed 2176K, reserved 1048576K
}
Event: 2.840 GC heap before
{Heap before GC invocations=11 (full 0):
 PSYoungGen      total 14848K, used 14754K [0x0000000717180000, 0x0000000718380000, 0x00000007c0000000)
  eden space 12800K, 100% used [0x0000000717180000,0x0000000717e00000,0x0000000717e00000)
  from space 2048K, 95% used [0x0000000718080000,0x0000000718268ad0,0x0000000718280000)
  to   space 2560K, 0% used [0x0000000717e00000,0x0000000717e00000,0x0000000718080000)
 ParOldGen       total 518656K, used 11019K [0x00000005c5400000, 0x00000005e4e80000, 0x0000000717180000)
  object space 518656K, 2% used [0x00000005c5400000,0x00000005c5ec2f00,0x00000005e4e80000)
 Metaspace       used 15264K, capacity 15670K, committed 15872K, reserved 1062912K
  class space    used 2093K, capacity 2179K, committed 2304K, reserved 1048576K
Event: 2.843 GC heap after
Heap after GC invocations=11 (full 0):
 PSYoungGen      total 15360K, used 2400K [0x0000000717180000, 0x0000000718b80000, 0x00000007c0000000)
  eden space 12800K, 0% used [0x0000000717180000,0x0000000717180000,0x0000000717e00000)
  from space 2560K, 93% used [0x0000000717e00000,0x0000000718058010,0x0000000718080000)
  to   space 3072K, 0% used [0x0000000718880000,0x0000000718880000,0x0000000718b80000)
 ParOldGen       total 518656K, used 14804K [0x00000005c5400000, 0x00000005e4e80000, 0x0000000717180000)
  object space 518656K, 2% used [0x00000005c5400000,0x00000005c62753c8,0x00000005e4e80000)
 Metaspace       used 15264K, capacity 15670K, committed 15872K, reserved 1062912K
  class space    used 2093K, capacity 2179K, committed 2304K, reserved 1048576K
}
Event: 5.047 GC heap before
{Heap before GC invocations=12 (full 0):
 PSYoungGen      total 15360K, used 15200K [0x0000000717180000, 0x0000000718b80000, 0x00000007c0000000)
  eden space 12800K, 100% used [0x0000000717180000,0x0000000717e00000,0x0000000717e00000)
  from space 2560K, 93% used [0x0000000717e00000,0x0000000718058010,0x0000000718080000)
  to   space 3072K, 0% used [0x0000000718880000,0x0000000718880000,0x0000000718b80000)
 ParOldGen       total 518656K, used 14804K [0x00000005c5400000, 0x00000005e4e80000, 0x0000000717180000)
  object space 518656K, 2% used [0x00000005c5400000,0x00000005c62753c8,0x00000005e4e80000)
 Metaspace       used 15446K, capacity 15798K, committed 16128K, reserved 1062912K
  class space    used 2093K, capacity 2179K, committed 2304K, reserved 1048576K
Event: 5.048 GC heap after
Heap after GC invocations=12 (full 0):
 PSYoungGen      total 12800K, used 224K [0x0000000717180000, 0x0000000718900000, 0x00000007c0000000)
  eden space 12288K, 0% used [0x0000000717180000,0x0000000717180000,0x0000000717d80000)
  from space 512K, 43% used [0x0000000718880000,0x00000007188b8000,0x0000000718900000)
  to   space 3072K, 0% used [0x0000000718300000,0x0000000718300000,0x0000000718600000)
 ParOldGen       total 518656K, used 14916K [0x00000005c5400000, 0x00000005e4e80000, 0x0000000717180000)
  object space 518656K, 2% used [0x00000005c5400000,0x00000005c62913c8,0x00000005e4e80000)
 Metaspace       used 15446K, capacity 15798K, committed 16128K, reserved 1062912K
  class space    used 2093K, capacity 2179K, committed 2304K, reserved 1048576K
}
Event: 7.199 GC heap before
{Heap before GC invocations=13 (full 0):
 PSYoungGen      total 12800K, used 12512K [0x0000000717180000, 0x0000000718900000, 0x00000007c0000000)
  eden space 12288K, 100% used [0x0000000717180000,0x0000000717d80000,0x0000000717d80000)
  from space 512K, 43% used [0x0000000718880000,0x00000007188b8000,0x0000000718900000)
  to   space 3072K, 0% used [0x0000000718300000,0x0000000718300000,0x0000000718600000)
 ParOldGen       total 518656K, used 14916K [0x00000005c5400000, 0x00000005e4e80000, 0x0000000717180000)
  object space 518656K, 2% used [0x00000005c5400000,0x00000005c62913c8,0x00000005e4e80000)
 Metaspace       used 15684K, capacity 16118K, committed 16384K, reserved 1062912K
  class space    used 2094K, capacity 2179K, committed 2304K, reserved 1048576K
Event: 7.200 GC heap after
Heap after GC invocations=13 (full 0):
 PSYoungGen      total 14848K, used 288K [0x0000000717180000, 0x0000000718900000, 0x00000007c0000000)
  eden space 11776K, 0% used [0x0000000717180000,0x0000000717180000,0x0000000717d00000)
  from space 3072K, 9% used [0x0000000718300000,0x0000000718348000,0x0000000718600000)
  to   space 3072K, 0% used [0x0000000718600000,0x0000000718600000,0x0000000718900000)
 ParOldGen       total 518656K, used 14956K [0x00000005c5400000, 0x00000005e4e80000, 0x0000000717180000)
  object space 518656K, 2% used [0x00000005c5400000,0x00000005c629b3c8,0x00000005e4e80000)
 Metaspace       used 15684K, capacity 16118K, committed 16384K, reserved 1062912K
  class space    used 2094K, capacity 2179K, committed 2304K, reserved 1048576K
}

