# JRE version: Java(TM) SE Runtime Environment (8.0_05-b13) (build 1.8.0_05-b13)
# Java VM: Java HotSpot(TM) 64-Bit Server VM (25.5-b02 mixed mode windows-amd64 compressed oops)
Heap:
 PSYoungGen      total 15872K, used 13466K [0x0000000717180000, 0x0000000718c80000, 0x00000007c0000000)
  eden space 13312K, 83% used [0x0000000717180000,0x0000000717c4ea90,0x0000000717e80000)
  from space 2560K, 93% used [0x0000000717e80000,0x00000007180d8010,0x0000000718100000)
  to   space 3072K, 0% used [0x0000000718980000,0x0000000718980000,0x0000000718c80000)
 ParOldGen       total 518656K, used 14795K [0x00000005c5400000, 0x00000005e4e80000, 0x0000000717180000)
  object space 518656K, 2% used [0x00000005c5400000,0x00000005c6272c98,0x00000005e4e80000)
 Metaspace       used 15362K, capacity 15734K, committed 15872K, reserved 1062912K
  class space    used 2094K, capacity 2179K, committed 2304K, reserved 1048576K
GC Heap History (10 events):
Event: 0.562 GC heap before
{Heap before GC invocations=7 (full 0):
 PSYoungGen      total 5120K, used 4832K [0x0000000717180000, 0x0000000717780000, 0x00000007c0000000)
  eden space 4096K, 100% used [0x0000000717180000,0x0000000717580000,0x0000000717580000)
  from space 1024K, 71% used [0x0000000717680000,0x0000000717738010,0x0000000717780000)
  to   space 1024K, 0% used [0x0000000717580000,0x0000000717580000,0x0000000717680000)
 ParOldGen       total 518656K, used 8814K [0x00000005c5400000, 0x00000005e4e80000, 0x0000000717180000)
  object space 518656K, 1% used [0x00000005c5400000,0x00000005c5c9bbc0,0x00000005e4e80000)
 Metaspace       used 8186K, capacity 8316K, committed 8576K, reserved 1056768K
  class space    used 1045K, capacity 1099K, committed 1152K, reserved 1048576K
Event: 0.564 GC heap after
Heap after GC invocations=7 (full 0):
 PSYoungGen      total 5120K, used 997K [0x0000000717180000, 0x0000000717c80000, 0x00000007c0000000)
  eden space 4096K, 0% used [0x0000000717180000,0x0000000717180000,0x0000000717580000)
  from space 1024K, 97% used [0x0000000717580000,0x0000000717679420,0x0000000717680000)
  to   space 1536K, 0% used [0x0000000717b00000,0x0000000717b00000,0x0000000717c80000)
 ParOldGen       total 518656K, used 9127K [0x00000005c5400000, 0x00000005e4e80000, 0x0000000717180000)
  object space 518656K, 1% used [0x00000005c5400000,0x00000005c5ce9c70,0x00000005e4e80000)
 Metaspace       used 8186K, capacity 8316K, committed 8576K, reserved 1056768K
  class space    used 1045K, capacity 1099K, committed 1152K, reserved 1048576K
}
Event: 1.244 GC heap before
{Heap before GC invocations=8 (full 0):
 PSYoungGen      total 5120K, used 5093K [0x0000000717180000, 0x0000000717c80000, 0x00000007c0000000)
  eden space 4096K, 100% used [0x0000000717180000,0x0000000717580000,0x0000000717580000)
  from space 1024K, 97% used [0x0000000717580000,0x0000000717679420,0x0000000717680000)
  to   space 1536K, 0% used [0x0000000717b00000,0x0000000717b00000,0x0000000717c80000)
 ParOldGen       total 518656K, used 9127K [0x00000005c5400000, 0x00000005e4e80000, 0x0000000717180000)
  object space 518656K, 1% used [0x00000005c5400000,0x00000005c5ce9c70,0x00000005e4e80000)
 Metaspace       used 9071K, capacity 9262K, committed 9472K, reserved 1056768K
  class space    used 1168K, capacity 1220K, committed 1280K, reserved 1048576K
Event: 1.245 GC heap after
Heap after GC invocations=8 (full 0):
 PSYoungGen      total 9728K, used 1256K [0x0000000717180000, 0x0000000717c80000, 0x00000007c0000000)
  eden space 8192K, 0% used [0x0000000717180000,0x0000000717180000,0x0000000717980000)
  from space 1536K, 81% used [0x0000000717b00000,0x0000000717c3a238,0x0000000717c80000)
  to   space 1536K, 0% used [0x0000000717980000,0x0000000717980000,0x0000000717b00000)
 ParOldGen       total 518656K, used 9247K [0x00000005c5400000, 0x00000005e4e80000, 0x0000000717180000)
  object space 518656K, 1% used [0x00000005c5400000,0x00000005c5d07c70,0x00000005e4e80000)
 Metaspace       used 9071K, capacity 9262K, committed 9472K, reserved 1056768K
  class space    used 1168K, capacity 1220K, committed 1280K, reserved 1048576K
}
Event: 1.398 GC heap before
{Heap before GC invocations=9 (full 0):
 PSYoungGen      total 9728K, used 9448K [0x0000000717180000, 0x0000000717c80000, 0x00000007c0000000)
  eden space 8192K, 100% used [0x0000000717180000,0x0000000717980000,0x0000000717980000)
  from space 1536K, 81% used [0x0000000717b00000,0x0000000717c3a238,0x0000000717c80000)
  to   space 1536K, 0% used [0x0000000717980000,0x0000000717980000,0x0000000717b00000)
 ParOldGen       total 518656K, used 9247K [0x00000005c5400000, 0x00000005e4e80000, 0x0000000717180000)
  object space 518656K, 1% used [0x00000005c5400000,0x00000005c5d07c70,0x00000005e4e80000)
 Metaspace       used 11683K, capacity 11946K, committed 12160K, reserved 1060864K
  class space    used 1559K, capacity 1653K, committed 1664K, reserved 1048576K
Event: 1.401 GC heap after
Heap after GC invocations=9 (full 0):
 PSYoungGen      total 9728K, used 1520K [0x0000000717180000, 0x0000000718380000, 0x00000007c0000000)
  eden space 8192K, 0% used [0x0000000717180000,0x0000000717180000,0x0000000717980000)
  from space 1536K, 98% used [0x0000000717980000,0x0000000717afc050,0x0000000717b00000)
  to   space 2560K, 0% used [0x0000000718100000,0x0000000718100000,0x0000000718380000)
 ParOldGen       total 518656K, used 10568K [0x00000005c5400000, 0x00000005e4e80000, 0x0000000717180000)
  object space 518656K, 2% used [0x00000005c5400000,0x00000005c5e52200,0x00000005e4e80000)
 Metaspace       used 11683K, capacity 11946K, committed 12160K, reserved 1060864K
  class space    used 1559K, capacity 1653K, committed 1664K, reserved 1048576K
}
Event: 1.644 GC heap before
{Heap before GC invocations=10 (full 0):
 PSYoungGen      total 9728K, used 9266K [0x0000000717180000, 0x0000000718380000, 0x00000007c0000000)
  eden space 8192K, 94% used [0x0000000717180000,0x00000007179109c0,0x0000000717980000)
  from space 1536K, 98% used [0x0000000717980000,0x0000000717afc050,0x0000000717b00000)
  to   space 2560K, 0% used [0x0000000718100000,0x0000000718100000,0x0000000718380000)
 ParOldGen       total 518656K, used 10568K [0x00000005c5400000, 0x00000005e4e80000, 0x0000000717180000)
  object space 518656K, 2% used [0x00000005c5400000,0x00000005c5e52200,0x00000005e4e80000)
 Metaspace       used 14885K, capacity 15198K, committed 15488K, reserved 1062912K
  class space    used 2055K, capacity 2137K, committed 2176K, reserved 1048576K
Event: 1.647 GC heap after
Heap after GC invocations=10 (full 0):
 PSYoungGen      total 15872K, used 1936K [0x0000000717180000, 0x0000000718380000, 0x00000007c0000000)
  eden space 13312K, 0% used [0x0000000717180000,0x0000000717180000,0x0000000717e80000)
  from space 2560K, 75% used [0x0000000718100000,0x00000007182e4050,0x0000000718380000)
  to   space 2560K, 0% used [0x0000000717e80000,0x0000000717e80000,0x0000000718100000)
 ParOldGen       total 518656K, used 11012K [0x00000005c5400000, 0x00000005e4e80000, 0x0000000717180000)
  object space 518656K, 2% used [0x00000005c5400000,0x00000005c5ec1250,0x00000005e4e80000)
 Metaspace       used 14885K, capacity 15198K, committed 15488K, reserved 1062912K
  class space    used 2055K, capacity 2137K, committed 2176K, reserved 1048576K
}
Event: 2.856 GC heap before
{Heap before GC invocations=11 (full 0):
 PSYoungGen      total 15872K, used 15248K [0x0000000717180000, 0x0000000718380000, 0x00000007c0000000)
  eden space 13312K, 100% used [0x0000000717180000,0x0000000717e80000,0x0000000717e80000)
  from space 2560K, 75% used [0x0000000718100000,0x00000007182e4050,0x0000000718380000)
  to   space 2560K, 0% used [0x0000000717e80000,0x0000000717e80000,0x0000000718100000)
 ParOldGen       total 518656K, used 11012K [0x00000005c5400000, 0x00000005e4e80000, 0x0000000717180000)
  object space 518656K, 2% used [0x00000005c5400000,0x00000005c5ec1250,0x00000005e4e80000)
 Metaspace       used 15224K, capacity 15542K, committed 15872K, reserved 1062912K
  class space    used 2093K, capacity 2179K, committed 2304K, reserved 1048576K
Event: 2.859 GC heap after
Heap after GC invocations=11 (full 0):
 PSYoungGen      total 15872K, used 2400K [0x0000000717180000, 0x0000000718c80000, 0x00000007c0000000)
  eden space 13312K, 0% used [0x0000000717180000,0x0000000717180000,0x0000000717e80000)
  from space 2560K, 93% used [0x0000000717e80000,0x00000007180d8010,0x0000000718100000)
  to   space 3072K, 0% used [0x0000000718980000,0x0000000718980000,0x0000000718c80000)
 ParOldGen       total 518656K, used 14795K [0x00000005c5400000, 0x00000005e4e80000, 0x0000000717180000)
  object space 518656K, 2% used [0x00000005c5400000,0x00000005c6272c98,0x00000005e4e80000)
 Metaspace       used 15224K, capacity 15542K, committed 15872K, reserved 1062912K
  class space    used 2093K, capacity 2179K, committed 2304K, reserved 1048576K
}

