# JRE version: Java(TM) SE Runtime Environment (8.0_05-b13) (build 1.8.0_05-b13)
# Java VM: Java HotSpot(TM) 64-Bit Server VM (25.5-b02 mixed mode windows-amd64 compressed oops)
Heap:
 PSYoungGen      total 15360K, used 13044K [0x0000000717180000, 0x0000000718b80000, 0x00000007c0000000)
  eden space 12800K, 83% used [0x0000000717180000,0x0000000717be5280,0x0000000717e00000)
  from space 2560K, 93% used [0x0000000717e00000,0x0000000718058010,0x0000000718080000)
  to   space 3072K, 0% used [0x0000000718880000,0x0000000718880000,0x0000000718b80000)
 ParOldGen       total 518656K, used 14751K [0x00000005c5400000, 0x00000005e4e80000, 0x0000000717180000)
  object space 518656K, 2% used [0x00000005c5400000,0x00000005c6267d70,0x00000005e4e80000)
 Metaspace       used 15391K, capacity 15794K, committed 16128K, reserved 1062912K
  class space    used 2097K, capacity 2179K, committed 2304K, reserved 1048576K
GC Heap History (10 events):
Event: 0.593 GC heap before
{Heap before GC invocations=7 (full 0):
 PSYoungGen      total 5120K, used 4832K [0x0000000717180000, 0x0000000717780000, 0x00000007c0000000)
  eden space 4096K, 100% used [0x0000000717180000,0x0000000717580000,0x0000000717580000)
  from space 1024K, 71% used [0x0000000717680000,0x0000000717738030,0x0000000717780000)
  to   space 1024K, 0% used [0x0000000717580000,0x0000000717580000,0x0000000717680000)
 ParOldGen       total 518656K, used 8787K [0x00000005c5400000, 0x00000005e4e80000, 0x0000000717180000)
  object space 518656K, 1% used [0x00000005c5400000,0x00000005c5c94cf8,0x00000005e4e80000)
 Metaspace       used 8175K, capacity 8312K, committed 8576K, reserved 1056768K
  class space    used 1045K, capacity 1099K, committed 1152K, reserved 1048576K
Event: 0.595 GC heap after
Heap after GC invocations=7 (full 0):
 PSYoungGen      total 5120K, used 1017K [0x0000000717180000, 0x0000000717c80000, 0x00000007c0000000)
  eden space 4096K, 0% used [0x0000000717180000,0x0000000717180000,0x0000000717580000)
  from space 1024K, 99% used [0x0000000717580000,0x000000071767e6b0,0x0000000717680000)
  to   space 1536K, 0% used [0x0000000717b00000,0x0000000717b00000,0x0000000717c80000)
 ParOldGen       total 518656K, used 9083K [0x00000005c5400000, 0x00000005e4e80000, 0x0000000717180000)
  object space 518656K, 1% used [0x00000005c5400000,0x00000005c5cded48,0x00000005e4e80000)
 Metaspace       used 8175K, capacity 8312K, committed 8576K, reserved 1056768K
  class space    used 1045K, capacity 1099K, committed 1152K, reserved 1048576K
}
Event: 4.231 GC heap before
{Heap before GC invocations=8 (full 0):
 PSYoungGen      total 5120K, used 5113K [0x0000000717180000, 0x0000000717c80000, 0x00000007c0000000)
  eden space 4096K, 100% used [0x0000000717180000,0x0000000717580000,0x0000000717580000)
  from space 1024K, 99% used [0x0000000717580000,0x000000071767e6b0,0x0000000717680000)
  to   space 1536K, 0% used [0x0000000717b00000,0x0000000717b00000,0x0000000717c80000)
 ParOldGen       total 518656K, used 9083K [0x00000005c5400000, 0x00000005e4e80000, 0x0000000717180000)
  object space 518656K, 1% used [0x00000005c5400000,0x00000005c5cded48,0x00000005e4e80000)
 Metaspace       used 9069K, capacity 9258K, committed 9472K, reserved 1056768K
  class space    used 1168K, capacity 1220K, committed 1280K, reserved 1048576K
Event: 4.233 GC heap after
Heap after GC invocations=8 (full 0):
 PSYoungGen      total 9728K, used 1281K [0x0000000717180000, 0x0000000717c80000, 0x00000007c0000000)
  eden space 8192K, 0% used [0x0000000717180000,0x0000000717180000,0x0000000717980000)
  from space 1536K, 83% used [0x0000000717b00000,0x0000000717c40498,0x0000000717c80000)
  to   space 1536K, 0% used [0x0000000717980000,0x0000000717980000,0x0000000717b00000)
 ParOldGen       total 518656K, used 9211K [0x00000005c5400000, 0x00000005e4e80000, 0x0000000717180000)
  object space 518656K, 1% used [0x00000005c5400000,0x00000005c5cfed48,0x00000005e4e80000)
 Metaspace       used 9069K, capacity 9258K, committed 9472K, reserved 1056768K
  class space    used 1168K, capacity 1220K, committed 1280K, reserved 1048576K
}
Event: 4.378 GC heap before
{Heap before GC invocations=9 (full 0):
 PSYoungGen      total 9728K, used 9473K [0x0000000717180000, 0x0000000717c80000, 0x00000007c0000000)
  eden space 8192K, 100% used [0x0000000717180000,0x0000000717980000,0x0000000717980000)
  from space 1536K, 83% used [0x0000000717b00000,0x0000000717c40498,0x0000000717c80000)
  to   space 1536K, 0% used [0x0000000717980000,0x0000000717980000,0x0000000717b00000)
 ParOldGen       total 518656K, used 9211K [0x00000005c5400000, 0x00000005e4e80000, 0x0000000717180000)
  object space 518656K, 1% used [0x00000005c5400000,0x00000005c5cfed48,0x00000005e4e80000)
 Metaspace       used 11696K, capacity 11942K, committed 12160K, reserved 1060864K
  class space    used 1559K, capacity 1653K, committed 1664K, reserved 1048576K
Event: 4.381 GC heap after
Heap after GC invocations=9 (full 0):
 PSYoungGen      total 9728K, used 1520K [0x0000000717180000, 0x0000000718280000, 0x00000007c0000000)
  eden space 8192K, 0% used [0x0000000717180000,0x0000000717180000,0x0000000717980000)
  from space 1536K, 98% used [0x0000000717980000,0x0000000717afc050,0x0000000717b00000)
  to   space 2048K, 0% used [0x0000000718080000,0x0000000718080000,0x0000000718280000)
 ParOldGen       total 518656K, used 10524K [0x00000005c5400000, 0x00000005e4e80000, 0x0000000717180000)
  object space 518656K, 2% used [0x00000005c5400000,0x00000005c5e47318,0x00000005e4e80000)
 Metaspace       used 11696K, capacity 11942K, committed 12160K, reserved 1060864K
  class space    used 1559K, capacity 1653K, committed 1664K, reserved 1048576K
}
Event: 4.623 GC heap before
{Heap before GC invocations=10 (full 0):
 PSYoungGen      total 9728K, used 8992K [0x0000000717180000, 0x0000000718280000, 0x00000007c0000000)
  eden space 8192K, 91% used [0x0000000717180000,0x00000007178cc1c0,0x0000000717980000)
  from space 1536K, 98% used [0x0000000717980000,0x0000000717afc050,0x0000000717b00000)
  to   space 2048K, 0% used [0x0000000718080000,0x0000000718080000,0x0000000718280000)
 ParOldGen       total 518656K, used 10524K [0x00000005c5400000, 0x00000005e4e80000, 0x0000000717180000)
  object space 518656K, 2% used [0x00000005c5400000,0x00000005c5e47318,0x00000005e4e80000)
 Metaspace       used 14892K, capacity 15194K, committed 15488K, reserved 1062912K
  class space    used 2057K, capacity 2137K, committed 2176K, reserved 1048576K
Event: 4.626 GC heap after
Heap after GC invocations=10 (full 0):
 PSYoungGen      total 14848K, used 1893K [0x0000000717180000, 0x0000000718380000, 0x00000007c0000000)
  eden space 12800K, 0% used [0x0000000717180000,0x0000000717180000,0x0000000717e00000)
  from space 2048K, 92% used [0x0000000718080000,0x0000000718259560,0x0000000718280000)
  to   space 2560K, 0% used [0x0000000717e00000,0x0000000717e00000,0x0000000718080000)
 ParOldGen       total 518656K, used 10952K [0x00000005c5400000, 0x00000005e4e80000, 0x0000000717180000)
  object space 518656K, 2% used [0x00000005c5400000,0x00000005c5eb2328,0x00000005e4e80000)
 Metaspace       used 14892K, capacity 15194K, committed 15488K, reserved 1062912K
  class space    used 2057K, capacity 2137K, committed 2176K, reserved 1048576K
}
Event: 5.884 GC heap before
{Heap before GC invocations=11 (full 0):
 PSYoungGen      total 14848K, used 14693K [0x0000000717180000, 0x0000000718380000, 0x00000007c0000000)
  eden space 12800K, 100% used [0x0000000717180000,0x0000000717e00000,0x0000000717e00000)
  from space 2048K, 92% used [0x0000000718080000,0x0000000718259560,0x0000000718280000)
  to   space 2560K, 0% used [0x0000000717e00000,0x0000000717e00000,0x0000000718080000)
 ParOldGen       total 518656K, used 10952K [0x00000005c5400000, 0x00000005e4e80000, 0x0000000717180000)
  object space 518656K, 2% used [0x00000005c5400000,0x00000005c5eb2328,0x00000005e4e80000)
 Metaspace       used 15245K, capacity 15602K, committed 15872K, reserved 1062912K
  class space    used 2096K, capacity 2179K, committed 2304K, reserved 1048576K
Event: 5.887 GC heap after
Heap after GC invocations=11 (full 0):
 PSYoungGen      total 15360K, used 2400K [0x0000000717180000, 0x0000000718b80000, 0x00000007c0000000)
  eden space 12800K, 0% used [0x0000000717180000,0x0000000717180000,0x0000000717e00000)
  from space 2560K, 93% used [0x0000000717e00000,0x0000000718058010,0x0000000718080000)
  to   space 3072K, 0% used [0x0000000718880000,0x0000000718880000,0x0000000718b80000)
 ParOldGen       total 518656K, used 14751K [0x00000005c5400000, 0x00000005e4e80000, 0x0000000717180000)
  object space 518656K, 2% used [0x00000005c5400000,0x00000005c6267d70,0x00000005e4e80000)
 Metaspace       used 15245K, capacity 15602K, committed 15872K, reserved 1062912K
  class space    used 2096K, capacity 2179K, committed 2304K, reserved 1048576K
}

